false
m8259|Virtual_IP_Group,_Inc|1.0=true
vtoolsd|Xilinx,\ Inc.|1.0=true
C_MUX_SLICE_BUFE_V4_0|Xilinx,\ Inc.|4.0=true
overwritefiles=true
m12x12|Xilinx,\ Inc.|1.0=true
mtif|Virtual_IP_Group,_Inc|1.0=true
C_ADDSUB_V4_0|Xilinx,\ Inc.|4.0=true
simulationoutputproducts=VHDL
tsb16sVHT|Xilinx,\ Inc.|1.0=true
blkmemsp_v3_1|Xilinx,\ Inc.|3.1=true
cmpsVHT|Xilinx,\ Inc.|1.0=true
tsb32xVHT|Xilinx,\ Inc.|1.0=true
vfft32_v1_0|Xilinx,\ Inc.|1.0=true
crc10|CoreEl_MicroSystems|1.0=true
C_MUX_SLICE_BUFT_V2_0|Xilinx,\ Inc.|2.0=false
regceVHT|Xilinx,\ Inc.|1.0=true
blkmemdp_v3_0|Xilinx,\ Inc.|3.0=false
tsb16xVHT|Xilinx,\ Inc.|1.0=true
C_GATE_BIT_BUS_V4_0|Xilinx,\ Inc.|4.0=true
utma|CoreEl_MicroSystems|1.0=true
C_COUNTER_BINARY_V4_0|Xilinx,\ Inc.|4.0=true
mds_DVB|MemecCore|1.0=true
compact_uart|CAST_Inc.|1.0=true
gva_250|GV_&_Associates_Inc.|1.0=true
nmi_mcec|NMI_Electronics_Ltd.|1.0=true
C_COMPARE_V2_0|Xilinx,\ Inc.|2.0=false
C_TWOS_COMP_V2_0|Xilinx,\ Inc.|2.0=false
C_ACCUM_V3_0|Xilinx,\ Inc.|3.0=false
c16450|CAST_Inc.|1.0=true
rgb2y|Perigee_LLC|1.0=true
vfft1024v2|Xilinx,\ Inc.|2.0=true
applied_ima8|Applied\ Telecom,\ Inc.|1.0=true
C_GATE_BIT_V2_0|Xilinx,\ Inc.|2.0=false
xlnx_PCI64s2|Xilinx,\ Inc.|1.0=true
c2901|CAST_Inc.|1.0=true
applied_ima32|Applied\ Telecom,\ Inc.|1.0=true
decode_8b10b_v2_0|Xilinx,\ Inc.|2.0=true
HDLC1_catalog|Xilinx,\ Inc.|1.0=true
c8255a|CAST_Inc.|1.0=true
xlnx_PCI32v|Xilinx,\ Inc.|1.0=true
C_REG_LD_V3_0|Xilinx,\ Inc.|3.0=false
c80530r|CAST_Inc.|1.0=true
sync_fifo_v2_0|Xilinx,\ Inc.|2.0=true
sdram|NMI_Electronics_Ltd.|1.0=true
mac_v1_0|Xilinx,\ Inc.|1.0=false
C_MUX_BUS_V3_0|Xilinx,\ 