Release 4.1i - xst E.30
Copyright (c) 1995-2001 Xilinx, Inc.  All rights reserved.
--> Parameter TMPDIR set to .
CPU : 0.00 / 0.03 s | Elapsed : 0.00 / 0.00 s
 
--> Parameter overwrite set to YES
CPU : 0.00 / 0.03 s | Elapsed : 0.00 / 0.00 s
 
--> Parameter xsthdpdir set to ./xst
CPU : 0.00 / 0.03 s | Elapsed : 0.00 / 0.00 s
 
--> =========================================================================
---- Source Parameters
Input Format                       : VHDL
Input File Name                    : project2.prj

---- Target Parameters
Target Device                      : xcv50-pq240-6
Output File Name                   : project2
Output Format                      : NGC
Target Technology                  : virtex

---- Source Options
Entity Name                        : project2
Automatic FSM Extraction           : YES
FSM Encoding Algorithm             : Auto
FSM Flip-Flop Type                 : D
Mux Extraction                     : YES
Resource Sharing                   : YES
Complex Clock Enable Extraction    : YES
ROM Extraction                     : Yes
RAM Extraction                     : Yes
RAM Style                          : Auto
Mux Style                          : Auto
Decoder Extraction                 : YES
Priority Encoder Extraction        : YES
Shift Register Extraction          : YES
Logical Shifter Extraction         : YES
XOR Collapsing                     : YES
Automatic Register Balancing       : No

---- Target Options
Add IO Buffers                     : YES
Equivalent register Removal        : YES
Add Generic Clock Buffer(BUFG)     : 4
Global Maximum Fanout              : 100
Register Duplication               : YES
Move First FlipFlop Stage          : YES
Move Last FlipFlop Stage           : YES
Slice Packing                      : YES
Pack IO Registers into IOBs        : auto
Speed Grade                        : 6

---- General Options
Optimization Criterion             : Speed
Optimization Effort                : 1
Check Attribute Syntax             : YES
Keep Hierarchy                     : No
Global Optimization                : AllClockNets
Write Timing Constraints           : No
Incremental Synthesis              : NO

=========================================================================

WARNING:HDLParsers:3215 - Unit work/FD16CE_MXILINX is now defined in a different file: was E:/proj4/project4/regfile.vhf, now is E:/proj4/project4/project2.vhf
WARNING:HDLParsers:3215 - Unit work/FD16CE_MXILINX/SCHEMATIC is now defined in a different file: was E:/proj4/project4/regfile.vhf, now is E:/proj4/project4/project2.vhf
WARNING:HDLParsers:3215 - Unit work/FD16CE_MXILINX is now defined in a different file: was E:/proj4/project4/project2.vhf, now is E:/proj4/project4/regfile.vhf
WARNING:HDLParsers:3215 - Unit work/FD16CE_MXILINX/SCHEMATIC is now defined in a different file: was E:/proj4/project4/project2.vhf, now is E:/proj4/project4/regfile.vhf
Compiling vhdl file E:/proj4/project4/pctosraminterface-sv06.vhd in Library work.
Architecture Pctosraminterface_arch of Entity Pctosraminterface is up to date.
Compiling vhdl file E:/proj4/project4/memorymultiplexor-sv01.vhd in Library work.
Architecture Memorymultiplexor_arch of Entity Memorymultiplexor is up to date.
Compiling vhdl file E:/proj4/project4/sram512kleft16bit50mhzreadreq-sv05.vhd in Library work.
Architecture Sraminterface_arch of Entity Sraminterface is up to date.
Compiling vhdl file E:/proj4/project4/Addf.vhd in Library work.
Architecture behavioral of Entity addfloat is up to date.
Compiling vhdl file E:/proj4/project4/negative_detect.vhd in Library work.
Architecture Behavioral of Entity Negative_detect is up to date.
Compiling vhdl file E:/proj4/project4/OF_detect.vhd in Library work.
Architecture Behavioral of Entity Of_detect is up to date.
Compiling vhdl file E:/proj4/project4/one_bus.vhd in Library work.
Architecture Behavioral of Entity One_bus is up to date.
Compiling vhdl file E:/proj4/project4/zeroBus.vhd in Library work.
Architecture Behavioral of Entity Zerobus is up to date.
Compiling vhdl file E:/proj4/project4/memoryread.vhd in Library work.
Architecture Behavioral of Entity Memoryread is up to date.
Compiling vhdl file E:/proj4/project4/memorywrite.vhd in Library work.
Architecture Behavioral of Entity Memorywrite is up to date.
Compiling vhdl file E:/proj4/project4/sraminterfacewithpport-sv01.vhd in Library work.
Architecture Sraminterfacewithpport_arch of Entity Sraminterfacewithpport is up to date.
Compiling vhdl file E:/proj4/project4/add.vhf in Library work.
Architecture Schematic of Entity Adsu16_mxilinx is up to date.
Architecture Schematic of Entity Inv16_mxilinx is up to date.
Architecture Schematic of Entity Add is up to date.
Compiling vhdl file E:/proj4/project4/control_module.vhd in Library work.
Architecture Behavioral of Entity Control_unit is up to date.
Compiling vhdl file E:/proj4/project4/logical.vhd in Library work.
Architecture Behavioral of Entity Logical is up to date.
Compiling vhdl file E:/proj4/project4/OF_enable.vhd in Library work.
Architecture Behavioral of Entity Of_enable is up to date.
Compiling vhdl file E:/proj4/project4/shift.vhd in Library work.
Architecture Behavioral of Entity Shift is up to date.
Compiling vhdl file E:/proj4/project4/zero_detect.vhd in Library work.
Architecture Behavioral of Entity Zero_detect is up to date.
Compiling vhdl file E:/proj4/project4/alu.vhf in Library work.
Architecture Schematic of Entity Alu is up to date.
Compiling vhdl file E:/proj4/project4/ctrlunit.vhd in Library work.
Entity <Ctrlunit> (Architecture <Behavioral>) compiled.
Compiling vhdl file E:/proj4/project4/memaccess.vhd in Library work.
Architecture Behavioral of Entity Memorymodule is up to date.
Compiling vhdl file E:/proj4/project4/regfile.vhf in Library work.
Architecture Schematic of Entity D3_8e_mxilinx is up to date.
Architecture Schematic of Entity Fd16ce_mxilinx is up to date.
Architecture Schematic of Entity Regfile is up to date.
Compiling vhdl file E:/proj4/project4/project2.vhf in Library work.
Architecture Schematic of Entity Fd16ce_mxilinx is up to date.
Architecture schematic of Entity ibuf8_mxilinx is up to date.
Architecture schematic of Entity obuf16_mxilinx is up to date.
Architecture schematic of Entity obuf4_mxilinx is up to date.
Architecture schematic of Entity project2 is up to date.

Analyzing Entity <project2> (Architecture <schematic>).
WARNING:Xst:37 - Unknown property "fpga_dont_touch".
    Set property "keep_hierarchy = TRUE" for instance <xlxi_33> in unit <project2>.
WARNING:Xst:37 - Unknown property "fpga_dont_touch".
WARNING:Xst:37 - Unknown property "fpga_dont_touch".
WARNING:Xst:37 - Unknown property "fpga_dont_touch".
    Set property "keep_hierarchy = TRUE" for instance <xlxi_28> in unit <project2>.
WARNING:Xst:37 - Unknown property "fpga_dont_touch".
WARNING:Xst:37 - Unknown property "fpga_dont_touch".
WARNING:Xst:37 - Unknown property "fpga_dont_touch".
WARNING:Xst:37 - Unknown property "fpga_dont_touch".
WARNING:Xst:37 - Unknown property "fpga_dont_touch".
WARNING:Xst:37 - Unknown property "fpga_dont_touch".
WARNING:Xst:37 - Unknown property "fpga_dont_touch".
WARNING:Xst:37 - Unknown property "fpga_dont_touch".
WARNING:Xst:37 - Unknown property "fpga_dont_touch".
WARNING:Xst:37 - Unknown property "fpga_dont_touch".
WARNING:Xst:37 - Unknown property "fpga_dont_touch".
    Set property "keep_hierarchy = TRUE" for instance <xlxi_19> in unit <project2>.
    Set property "keep_hierarchy = TRUE" for instance <xlxi_18> in unit <project2>.
Entity <project2> analyzed. Unit <project2> generated.

Analyzing Entity <alu> (Architecture <schematic>).
WARNING:Xst:37 - Unknown property "fpga_dont_touch".
WARNING:Xst:766 - E:/proj4/project4/alu.vhf (Line 126). Generating a Black Box for component <mux_four>.
WARNING:Xst:37 - Unknown property "fpga_dont_touch".
Entity <alu> analyzed. Unit <alu> generated.

Analyzing Entity <ctrlunit> (Architecture <behavioral>).
Entity <ctrlunit> analyzed. Unit <ctrlunit> generated.

Analyzing Entity <fd16ce_mxilinx> (Architecture <schematic>).
WARNING:Xst:37 - Unknown property "fpga_dont_touch".
    Set user-defined property "INIT =  0" for instance <i_q0> in unit <fd16ce_mxilinx>.
WARNING:Xst:37 - Unknown property "fpga_dont_touch".
    Set user-defined property "INIT =  0" for instance <i_q5> in unit <fd16ce_mxilinx>.
WARNING:Xst:37 - Unknown property "fpga_dont_touch".
    Set user-defined property "INIT =  0" for instance <i_q1> in unit <fd16ce_mxilinx>.
WARNING:Xst:37 - Unknown property "fpga_dont_touch".
    Set user-defined property "INIT =  0" for instance <i_q2> in unit <fd16ce_mxilinx>.
WARNING:Xst:37 - Unknown property "fpga_dont_touch".
    Set user-defined property "INIT =  0" for instance <i_q3> in unit <fd16ce_mxilinx>.
WARNING:Xst:37 - Unknown property "fpga_dont_touch".
    Set user-defined property "INIT =  0" for instance <i_q4> in unit <fd16ce_mxilinx>.
WARNING:Xst:37 - Unknown property "fpga_dont_touch".
    Set user-defined property "INIT =  0" for instance <i_q6> in unit <fd16ce_mxilinx>.
WARNING:Xst:37 - Unknown property "fpga_dont_touch".
    Set user-defined property "INIT =  0" for instance <i_q7> in unit <fd16ce_mxilinx>.
WARNING:Xst:37 - Unknown property "fpga_dont_touch".
    Set user-defined property "INIT =  0" for instance <i_q8> in unit <fd16ce_mxilinx>.
WARNING:Xst:37 - Unknown property "fpga_dont_touch".
    Set user-defined property "INIT =  0" for instance <i_q9> in unit <fd16ce_mxilinx>.
WARNING:Xst:37 - Unknown property "fpga_dont_touch".
    Set user-defined property "INIT =  0" for instance <i_q10> in unit <fd16ce_mxilinx>.
WARNING:Xst:37 - Unknown property "fpga_dont_touch".
    Set user-defined property "INIT =  0" for instance <i_q11> in unit <fd16ce_mxilinx>.
WARNING:Xst:37 - Unknown property "fpga_dont_touch".
    Set user-defined property "INIT =  0" for instance <i_q12> in unit <fd16ce_mxilinx>.
WARNING:Xst:37 - Unknown property "fpga_dont_touch".
    Set user-defined property "INIT =  0" for instance <i_q13> in unit <fd16ce_mxilinx>.
WARNING:Xst:37 - Unknown property "fpga_dont_touch".
    Set user-defined property "INIT =  0" for instance <i_q14> in unit <fd16ce_mxilinx>.
WARNING:Xst:37 - Unknown property "fpga_dont_touch".
    Set user-defined property "INIT =  0" for instance <i_q15> in unit <fd16ce_mxilinx>.
Entity <fd16ce_mxilinx> analyzed. Unit <fd16ce_mxilinx> generated.

Analyzing Entity <ibuf8_mxilinx> (Architecture <schematic>).
WARNING:Xst:37 - Unknown property "fpga_dont_touch".
WARNING:Xst:37 - Unknown property "fpga_dont_touch".
WARNING:Xst:37 - Unknown property "fpga_dont_touch".
WARNING:Xst:37 - Unknown property "fpga_dont_touch".
WARNING:Xst:37 - Unknown property "fpga_dont_touch".
WARNING:Xst:37 - Unknown property "fpga_dont_touch".
WARNING:Xst:37 - Unknown property "fpga_dont_touch".
WARNING:Xst:37 - Unknown property "fpga_dont_touch".
Entity <ibuf8_mxilinx> analyzed. Unit <ibuf8_mxilinx> generated.

Analyzing Entity <memorymodule> (Architecture <behavioral>).
Entity <memorymodule> analyzed. Unit <memorymodule> generated.

Analyzing Entity <obuf16_mxilinx> (Architecture <schematic>).
WARNING:Xst:37 - Unknown property "fpga_dont_touch".
WARNING:Xst:37 - Unknown property "fpga_dont_touch".
WARNING:Xst:37 - Unknown property "fpga_dont_touch".
WARNING:Xst:37 - Unknown property "fpga_dont_touch".
WARNING:Xst:37 - Unknown property "fpga_dont_touch".
WARNING:Xst:37 - Unknown property "fpga_dont_touch".
WARNING:Xst:37 - Unknown property "fpga_dont_touch".
WARNING:Xst:37 - Unknown property "fpga_dont_touch".
WARNING:Xst:37 - Unknown property "fpga_dont_touch".
WARNING:Xst:37 - Unknown property "fpga_dont_touch".
WARNING:Xst:37 - Unknown property "fpga_dont_touch".
WARNING:Xst:37 - Unknown property "fpga_dont_touch".
WARNING:Xst:37 - Unknown property "fpga_dont_touch".
WARNING:Xst:37 - Unknown property "fpga_dont_touch".
WARNING:Xst:37 - Unknown property "fpga_dont_touch".
WARNING:Xst:37 - Unknown property "fpga_dont_touch".
Entity <obuf16_mxilinx> analyzed. Unit <obuf16_mxilinx> generated.

Analyzing Entity <obuf4_mxilinx> (Architecture <schematic>).
WARNING:Xst:37 - Unknown property "fpga_dont_touch".
WARNING:Xst:37 - Unknown property "fpga_dont_touch".
WARNING:Xst:37 - Unknown property "fpga_dont_touch".
WARNING:Xst:37 - Unknown property "fpga_dont_touch".
Entity <obuf4_mxilinx> analyzed. Unit <obuf4_mxilinx> generated.

Analyzing Entity <regfile> (Architecture <schematic>).
WARNING:Xst:37 - Unknown property "fpga_dont_touch".
WARNING:Xst:37 - Unknown property "fpga_dont_touch".
WARNING:Xst:37 - Unknown property "fpga_dont_touch".
WARNING:Xst:37 - Unknown property "fpga_dont_touch".
WARNING:Xst:37 - Unknown property "fpga_dont_touch".
WARNING:Xst:37 - Unknown property "fpga_dont_touch".
WARNING:Xst:37 - Unknown property "fpga_dont_touch".
WARNING:Xst:766 - E:/proj4/project4/regfile.vhf (Line 362). Generating a Black Box for component <buxmux16>.
WARNING:Xst:766 - E:/proj4/project4/regfile.vhf (Line 401). Generating a Black Box for component <buxmux16>.
WARNING:Xst:753 - E:/proj4/project4/regfile.vhf (Line 440). Unconnected output port 'd0' of component 'd3_8e_mxilinx'.
    Set property "keep_hierarchy = TRUE" for instance <xlxi_7> in unit <regfile>.
    Set property "keep_hierarchy = TRUE" for instance <xlxi_67> in unit <regfile>.
    Set property "keep_hierarchy = TRUE" for instance <xlxi_70> in unit <regfile>.
    Set property "keep_hierarchy = TRUE" for instance <xlxi_68> in unit <regfile>.
    Set property "keep_hierarchy = TRUE" for instance <xlxi_66> in unit <regfile>.
    Set property "keep_hierarchy = TRUE" for instance <xlxi_72> in unit <regfile>.
    Set property "keep_hierarchy = TRUE" for instance <xlxi_71> in unit <regfile>.
    Set property "keep_hierarchy = TRUE" for instance <xlxi_69> in unit <regfile>.
WARNING:Xst:37 - Unknown property "fpga_dont_touch".
WARNING:Xst:37 - Unknown property "fpga_dont_touch".
WARNING:Xst:37 - Unknown property "fpga_dont_touch".
WARNING:Xst:37 - Unknown property "fpga_dont_touch".
WARNING:Xst:37 - Unknown property "fpga_dont_touch".
WARNING:Xst:37 - Unknown property "fpga_dont_touch".
WARNING:Xst:37 - Unknown property "fpga_dont_touch".
WARNING:Xst:37 - Unknown property "fpga_dont_touch".
WARNING:Xst:37 - Unknown property "fpga_dont_touch".
WARNING:Xst:37 - Unknown property "fpga_dont_touch".
WARNING:Xst:37 - Unknown property "fpga_dont_touch".
WARNING:Xst:37 - Unknown property "fpga_dont_touch".
WARNING:Xst:37 - Unknown property "fpga_dont_touch".
WARNING:Xst:37 - Unknown property "fpga_dont_touch".
WARNING:Xst:37 - Unknown property "fpga_dont_touch".
WARNING:Xst:37 - Unknown property "fpga_dont_touch".
WARNING:Xst:37 - Unknown property "fpga_dont_touch".
Entity <regfile> analyzed. Unit <regfile> generated.

Analyzing Entity <add> (Architecture <schematic>).
WARNING:Xst:753 - E:/proj4/project4/add.vhf (Line 634). Unconnected output port 's' of component 'addfloat'.
WARNING:Xst:753 - E:/proj4/project4/add.vhf (Line 644). Unconnected output port 'co' of component 'adsu16_mxilinx'.
WARNING:Xst:753 - E:/proj4/project4/add.vhf (Line 644). Unconnected output port 'ofl' of component 'adsu16_mxilinx'.
    Set property "keep_hierarchy = TRUE" for instance <xlxi_23> in unit <add>.
WARNING:Xst:37 - Unknown property "fpga_dont_touch".
WARNING:Xst:37 - Unknown property "fpga_dont_touch".
WARNING:Xst:37 - Unknown property "fpga_dont_touch".
WARNING:Xst:37 - Unknown property "fpga_dont_touch".
WARNING:Xst:37 - Unknown property "fpga_dont_touch".
    Set property "keep_hierarchy = TRUE" for instance <xlxi_10> in unit <add>.
WARNING:Xst:766 - E:/proj4/project4/add.vhf (Line 688). Generating a Black Box for component <mux2_16bits>.
WARNING:Xst:766 - E:/proj4/project4/add.vhf (Line 703). Generating a Black Box for component <mux4_16bits_new>.
WARNING:Xst:37 - Unknown property "fpga_dont_touch".
WARNING:Xst:37 - Unknown property "fpga_dont_touch".
Entity <add> analyzed. Unit <add> generated.

Analyzing Entity <control_unit> (Architecture <behavioral>).
Entity <control_unit> analyzed. Unit <control_unit> generated.

Analyzing Entity <logical> (Architecture <behavioral>).
Entity <logical> analyzed. Unit <logical> generated.

Analyzing Entity <of_enable> (Architecture <behavioral>).
Entity <of_enable> analyzed. Unit <of_enable> generated.

Analyzing Entity <shift> (Architecture <behavioral>).
Entity <shift> analyzed. Unit <shift> generated.

Analyzing Entity <zero_detect> (Architecture <behavioral>).
Entity <zero_detect> analyzed. Unit <zero_detect> generated.

Analyzing Entity <memoryread> (Architecture <behavioral>).
Entity <memoryread> analyzed. Unit <memoryread> generated.

Analyzing Entity <memorywrite> (Architecture <behavioral>).
Entity <memorywrite> analyzed. Unit <memorywrite> generated.

Analyzing Entity <sraminterfacewithpport> (Architecture <sraminterfacewithpport_arch>).
WARNING:Xst:753 - E:/proj4/project4/sraminterfacewithpport-sv01.vhd (Line 191). Unconnected output port 'portinslicenum' of component 'pctosraminterface'.
WARNING:Xst:753 - E:/proj4/project4/sraminterfacewithpport-sv01.vhd (Line 191). Unconnected output port 'portoutslicenum' of component 'pctosraminterface'.
WARNING:Xst:753 - E:/proj4/project4/sraminterfacewithpport-sv01.vhd (Line 191). Unconnected output port 'stateoutput' of component 'pctosraminterface'.
Entity <sraminterfacewithpport> analyzed. Unit <sraminterfacewithpport> generated.

Analyzing Entity <d3_8e_mxilinx> (Architecture <schematic>).
WARNING:Xst:37 - Unknown property "fpga_dont_touch".
WARNING:Xst:37 - Unknown property "fpga_dont_touch".
WARNING:Xst:37 - Unknown property "fpga_dont_touch".
WARNING:Xst:37 - Unknown property "fpga_dont_touch".
WARNING:Xst:37 - Unknown property "fpga_dont_touch".
WARNING:Xst:37 - Unknown property "fpga_dont_touch".
WARNING:Xst:37 - Unknown property "fpga_dont_touch".
WARNING:Xst:37 - Unknown property "fpga_dont_touch".
Entity <d3_8e_mxilinx> analyzed. Unit <d3_8e_mxilinx> generated.

Analyzing Entity <addfloat> (Architecture <behavioral>).
WARNING:Xst:819 - E:/proj4/project4/Addf.vhd (Line 50). The following signals are missing in the process sensitivity list:
   exponenta3, exponentb3, sign.
Entity <addfloat> analyzed. Unit <addfloat> generated.

Analyzing Entity <adsu16_mxilinx> (Architecture <schematic>).
WARNING:Xst:37 - Unknown property "fpga_dont_touch".
    Set user-defined property "RLOC =  R0C0.S1" for instance <i_36_23> in unit <adsu16_mxilinx>.
WARNING:Xst:37 - Unknown property "fpga_dont_touch".
    Set user-defined property "RLOC =  R0C0.S1" for instance <i_36_22> in unit <adsu16_mxilinx>.
WARNING:Xst:37 - Unknown property "fpga_dont_touch".
    Set user-defined property "RLOC =  R1C0.S1" for instance <i_36_21> in unit <adsu16_mxilinx>.
WARNING:Xst:37 - Unknown property "fpga_dont_touch".
    Set user-defined property "RLOC =  R1C0.S1" for instance <i_36_20> in unit <adsu16_mxilinx>.
WARNING:Xst:37 - Unknown property "fpga_dont_touch".
    Set user-defined property "RLOC =  R2C0.S1" for instance <i_36_19> in unit <adsu16_mxilinx>.
WARNING:Xst:37 - Unknown property "fpga_dont_touch".
    Set user-defined property "RLOC =  R2C0.S1" for instance <i_36_18> in unit <adsu16_mxilinx>.
WARNING:Xst:37 - Unknown property "fpga_dont_touch".
    Set user-defined property "RLOC =  R3C0.S1" for instance <i_36_17> in unit <adsu16_mxilinx>.
WARNING:Xst:37 - Unknown property "fpga_dont_touch".
    Set user-defined property "RLOC =  R3C0.S1" for instance <i_36_16> in unit <adsu16_mxilinx>.
WARNING:Xst:37 - Unknown property "fpga_dont_touch".
    Set user-defined property "RLOC =  R4C0.S1" for instance <i_36_299> in unit <adsu16_mxilinx>.
WARNING:Xst:37 - Unknown property "fpga_dont_touch".
    Set user-defined property "RLOC =  R4C0.S1" for instance <i_36_295> in unit <adsu16_mxilinx>.
WARNING:Xst:37 - Unknown property "fpga_dont_touch".
    Set user-defined property "RLOC =  R5C0.S1" for instance <i_36_291> in unit <adsu16_mxilinx>.
WARNING:Xst:37 - Unknown property "fpga_dont_touch".
    Set user-defined property "RLOC =  R5C0.S1" for instance <i_36_287> in unit <adsu16_mxilinx>.
WARNING:Xst:37 - Unknown property "fpga_dont_touch".
    Set user-defined property "RLOC =  R6C0.S1" for instance <i_36_283> in unit <adsu16_mxilinx>.
WARNING:Xst:37 - Unknown property "fpga_dont_touch".
    Set user-defined property "RLOC =  R6C0.S1" for instance <i_36_279> in unit <adsu16_mxilinx>.
WARNING:Xst:37 - Unknown property "fpga_dont_touch".
    Set user-defined property "RLOC =  R7C0.S1" for instance <i_36_272> in unit <adsu16_mxilinx>.
WARNING:Xst:37 - Unknown property "fpga_dont_touch".
    Set user-defined property "RLOC =  R7C0.S1" for instance <i_36_275> in unit <adsu16_mxilinx>.
WARNING:Xst:37 - Unknown property "fpga_dont_touch".
WARNING:Xst:37 - Unknown property "fpga_dont_touch".
WARNING:Xst:37 - Unknown property "fpga_dont_touch".
WARNING:Xst:37 - Unknown property "fpga_dont_touch".
WARNING:Xst:37 - Unknown property "fpga_dont_touch".
WARNING:Xst:37 - Unknown property "fpga_dont_touch".
WARNING:Xst:37 - Unknown property "fpga_dont_touch".
WARNING:Xst:37 - Unknown property "fpga_dont_touch".
WARNING:Xst:37 - Unknown property "fpga_dont_touch".
WARNING:Xst:37 - Unknown property "fpga_dont_touch".
WARNING:Xst:37 - Unknown property "fpga_dont_touch".
WARNING:Xst:37 - Unknown property "fpga_dont_touch".
WARNING:Xst:37 - Unknown property "fpga_dont_touch".
WARNING:Xst:37 - Unknown property "fpga_dont_touch".
WARNING:Xst:37 - Unknown property "fpga_dont_touch".
WARNING:Xst:37 - Unknown property "fpga_dont_touch".
WARNING:Xst:37 - Unknown property "fpga_dont_touch".
    Set user-defined property "RLOC =  R0C0.S1" for instance <i_36_64> in unit <adsu16_mxilinx>.
WARNING:Xst:37 - Unknown property "fpga_dont_touch".
    Set user-defined property "RLOC =  R0C0.S1" for instance <i_36_107> in unit <adsu16_mxilinx>.
WARNING:Xst:37 - Unknown property "fpga_dont_touch".
    Set user-defined property "RLOC =  R7C0.S1" for instance <i_36_255> in unit <adsu16_mxilinx>.
WARNING:Xst:37 - Unknown property "fpga_dont_touch".
    Set user-defined property "RLOC =  R1C0.S1" for instance <i_36_110> in unit <adsu16_mxilinx>.
WARNING:Xst:37 - Unknown property "fpga_dont_touch".
    Set user-defined property "RLOC =  R1C0.S1" for instance <i_36_63> in unit <adsu16_mxilinx>.
WARNING:Xst:37 - Unknown property "fpga_dont_touch".
    Set user-defined property "RLOC =  R2C0.S1" for instance <i_36_58> in unit <adsu16_mxilinx>.
WARNING:Xst:37 - Unknown property "fpga_dont_touch".
    Set user-defined property "RLOC =  R2C0.S1" for instance <i_36_62> in unit <adsu16_mxilinx>.
WARNING:Xst:37 - Unknown property "fpga_dont_touch".
    Set user-defined property "RLOC =  R3C0.S1" for instance <i_36_55> in unit <adsu16_mxilinx>.
WARNING:Xst:37 - Unknown property "fpga_dont_touch".
    Set user-defined property "RLOC =  R3C0.S1" for instance <i_36_111> in unit <adsu16_mxilinx>.
WARNING:Xst:37 - Unknown property "fpga_dont_touch".
    Set user-defined property "RLOC =  R4C0.S1" for instance <i_36_248> in unit <adsu16_mxilinx>.
WARNING:Xst:37 - Unknown property "fpga_dont_touch".
    Set user-defined property "RLOC =  R4C0.S1" for instance <i_36_249> in unit <adsu16_mxilinx>.
WARNING:Xst:37 - Unknown property "fpga_dont_touch".
    Set user-defined property "RLOC =  R5C0.S1" for instance <i_36_250> in unit <adsu16_mxilinx>.
WARNING:Xst:37 - Unknown property "fpga_dont_touch".
    Set user-defined property "RLOC =  R5C0.S1" for instance <i_36_251> in unit <adsu16_mxilinx>.
WARNING:Xst:37 - Unknown property "fpga_dont_touch".
    Set user-defined property "RLOC =  R6C0.S1" for instance <i_36_252> in unit <adsu16_mxilinx>.
WARNING:Xst:37 - Unknown property "fpga_dont_touch".
    Set user-defined property "RLOC =  R6C0.S1" for instance <i_36_253> in unit <adsu16_mxilinx>.
WARNING:Xst:37 - Unknown property "fpga_dont_touch".
    Set user-defined property "RLOC =  R7C0.S1" for instance <i_36_254> in unit <adsu16_mxilinx>.
WARNING:Xst:37 - Unknown property "fpga_dont_touch".
WARNING:Xst:37 - Unknown property "fpga_dont_touch".
WARNING:Xst:37 - Unknown property "fpga_dont_touch".
WARNING:Xst:37 - Unknown property "fpga_dont_touch".
WARNING:Xst:37 - Unknown property "fpga_dont_touch".
WARNING:Xst:37 - Unknown property "fpga_dont_touch".
WARNING:Xst:37 - Unknown property "fpga_dont_touch".
WARNING:Xst:37 - Unknown property "fpga_dont_touch".
WARNING:Xst:37 - Unknown property "fpga_dont_touch".
WARNING:Xst:37 - Unknown property "fpga_dont_touch".
WARNING:Xst:37 - Unknown property "fpga_dont_touch".
WARNING:Xst:37 - Unknown property "fpga_dont_touch".
WARNING:Xst:37 - Unknown property "fpga_dont_touch".
WARNING:Xst:37 - Unknown property "fpga_dont_touch".
WARNING:Xst:37 - Unknown property "fpga_dont_touch".
WARNING:Xst:37 - Unknown property "fpga_dont_touch".
WARNING:Xst:37 - Unknown property "fpga_dont_touch".
WARNING:Xst:37 - Unknown property "fpga_dont_touch".
WARNING:Xst:37 - Unknown property "fpga_dont_touch".
WARNING:Xst:37 - Unknown property "fpga_dont_touch".
WARNING:Xst:37 - Unknown property "fpga_dont_touch".
WARNING:Xst:37 - Unknown property "fpga_dont_touch".
WARNING:Xst:37 - Unknown property "fpga_dont_touch".
WARNING:Xst:37 - Unknown property "fpga_dont_touch".
WARNING:Xst:37 - Unknown property "fpga_dont_touch".
WARNING:Xst:37 - Unknown property "fpga_dont_touch".
WARNING:Xst:37 - Unknown property "fpga_dont_touch".
WARNING:Xst:37 - Unknown property "fpga_dont_touch".
WARNING:Xst:37 - Unknown property "fpga_dont_touch".
WARNING:Xst:37 - Unknown property "fpga_dont_touch".
WARNING:Xst:37 - Unknown property "fpga_dont_touch".
WARNING:Xst:37 - Unknown property "fpga_dont_touch".
WARNING:Xst:37 - Unknown property "fpga_dont_touch".
Entity <adsu16_mxilinx> analyzed. Unit <adsu16_mxilinx> generated.

Analyzing Entity <inv16_mxilinx> (Architecture <schematic>).
WARNING:Xst:37 - Unknown property "fpga_dont_touch".
WARNING:Xst:37 - Unknown property "fpga_dont_touch".
WARNING:Xst:37 - Unknown property "fpga_dont_touch".
WARNING:Xst:37 - Unknown property "fpga_dont_touch".
WARNING:Xst:37 - Unknown property "fpga_dont_touch".
WARNING:Xst:37 - Unknown property "fpga_dont_touch".
WARNING:Xst:37 - Unknown property "fpga_dont_touch".
WARNING:Xst:37 - Unknown property "fpga_dont_touch".
WARNING:Xst:37 - Unknown property "fpga_dont_touch".
WARNING:Xst:37 - Unknown property "fpga_dont_touch".
WARNING:Xst:37 - Unknown property "fpga_dont_touch".
WARNING:Xst:37 - Unknown property "fpga_dont_touch".
WARNING:Xst:37 - Unknown property "fpga_dont_touch".
WARNING:Xst:37 - Unknown property "fpga_dont_touch".
WARNING:Xst:37 - Unknown property "fpga_dont_touch".
WARNING:Xst:37 - Unknown property "fpga_dont_touch".
Entity <inv16_mxilinx> analyzed. Unit <inv16_mxilinx> generated.

Analyzing Entity <negative_detect> (Architecture <behavioral>).
WARNING:Xst:819 - E:/proj4/project4/negative_detect.vhd (Line 18). The following signals are missing in the process sensitivity list:
   a_msb, b_msb.
Entity <negative_detect> analyzed. Unit <negative_detect> generated.

Analyzing Entity <of_detect> (Architecture <behavioral>).
WARNING:Xst:819 - E:/proj4/project4/OF_detect.vhd (Line 18). The following signals are missing in the process sensitivity list:
   control.
Entity <of_detect> analyzed. Unit <of_detect> generated.

Analyzing Entity <one_bus> (Architecture <behavioral>).
Entity <one_bus> analyzed. Unit <one_bus> generated.

Analyzing Entity <zerobus> (Architecture <behavioral>).
Entity <zerobus> analyzed. Unit <zerobus> generated.

Analyzing Entity <pctosraminterface> (Architecture <pctosraminterface_arch>).
WARNING:Xst:819 - E:/proj4/project4/pctosraminterface-sv06.vhd (Line 193). The following signals are missing in the process sensitivity list:
   asyncinputs, syncinputs1, syncinputs2.
WARNING:Xst:819 - E:/proj4/project4/pctosraminterface-sv06.vhd (Line 211). The following signals are missing in the process sensitivity list:
   softreset.
Entity <pctosraminterface> analyzed. Unit <pctosraminterface> generated.

Analyzing Entity <memorymultiplexor> (Architecture <memorymultiplexor_arch>).
Entity <memorymultiplexor> analyzed. Unit <memorymultiplexor> generated.

Analyzing Entity <sraminterface> (Architecture <sraminterface_arch>).
Entity <sraminterface> analyzed. Unit <sraminterface> generated.


Synthesizing Unit <sraminterface>.
    Related source file is E:/proj4/project4/sram512kleft16bit50mhzreadreq-sv05.vhd.
    Found finite state machine <FSM_0> for signal <presstate>.
    -----------------------------------------------------------------------
    | States             | 5                                              |
    | Transitions        | 11                                             |
    | Inputs             | 2                                              |
    | Outputs            | 8                                              |
    | Reset type         | asynchronous                                   |
    | Encoding           | automatic                                      |
    | State register     | D  flip-flops                                  |
    -----------------------------------------------------------------------
    Found 19-bit register for signal <addrreg>.
    Found 1-bit register for signal <cen>.
    Found 1-bit register for signal <doingwrite1>.
    Found 1-bit register for signal <doingwrite2>.
    Found 1-bit register for signal <oen>.
    Found 16-bit tristate buffer for signal <sramdata>.
    Found 16-bit register for signal <writedatareg>.
    Found 19 1-bit 2-to-1 multiplexers.
    Summary:
	inferred   1 Finite State Machine(s).
	inferred  39 D-type flip-flop(s).
	inferred  19 Multiplexer(s).
	inferred  16 Tristate(s).
Unit <sraminterface> synthesized.


Synthesizing Unit <memorymultiplexor>.
    Related source file is E:/proj4/project4/memorymultiplexor-sv01.vhd.
    Found 1-bit register for signal <presstate>.
    Found 57 1-bit 2-to-1 multiplexers.
    Summary:
	inferred   1 D-type flip-flop(s).
	inferred  57 Multiplexer(s).
Unit <memorymultiplexor> synthesized.


Synthesizing Unit <pctosraminterface>.
    Related source file is E:/proj4/project4/pctosraminterface-sv06.vhd.
WARNING:Xst:646 - Signal <regdatain> is assigned but never used.
    Found finite state machine <FSM_1> for signal <presstate>.
    -----------------------------------------------------------------------
    | States             | 10                                             |
    | Transitions        | 45                                             |
    | Inputs             | 11                                             |
    | Outputs            | 12                                             |
    | Reset type         | asynchronous                                   |
    | Encoding           | automatic                                      |
    | State register     | D  flip-flops                                  |
    -----------------------------------------------------------------------
WARNING:Xst:737 - Found 8-bit latch for signal <mysyncdata>.
    Found 4-bit 4-to-1 multiplexer for signal <dataout>.
    Found 19-bit adder for signal <$n0000> created at line 261.
    Found 8-bit comparator equal for signal <$n0098> created at line 200.
    Found 8-bit comparator equal for signal <$n0099> created at line 200.
    Found 8-bit comparator equal for signal <$n0100> created at line 250.
    Found 8-bit comparator equal for signal <$n0101> created at line 250.
    Found 19-bit register for signal <curaddrreg>.
    Found 5-bit register for signal <datainreg>.
    Found 2-bit up counter for signal <inslicenum>.
    Found 2-bit up counter for signal <outslicenum>.
    Found 1-bit register for signal <pccontrolenabled>.
    Found 16-bit register for signal <readdatareg>.
    Found 8-bit register for signal <syncinputs1>.
    Found 8-bit register for signal <syncinputs2>.
    Found 8-bit register for signal <syncinputs3>.
    Found 1-bit register for signal <syncnextslice>.
    Found 1-bit register for signal <syncread>.
    Found 1-bit register for signal <syncwrite>.
    Found 16-bit register for signal <writedatareg>.
    Found 19 1-bit 2-to-1 multiplexers.
    Summary:
	inferred   1 Finite State Machine(s).
	inferred   2 Counter(s).
	inferred  84 D-type flip-flop(s).
	inferred   8 Latch(s).
	inferred   1 Adder/Subtracter(s).
	inferred   4 Comparator(s).
	inferred  23 Multiplexer(s).
Unit <pctosraminterface> synthesized.


Synthesizing Unit <zerobus>.
    Related source file is E:/proj4/project4/zeroBus.vhd.
Unit <zerobus> synthesized.


Synthesizing Unit <one_bus>.
    Related source file is E:/proj4/project4/one_bus.vhd.
Unit <one_bus> synthesized.


Synthesizing Unit <of_detect>.
    Related source file is E:/proj4/project4/OF_detect.vhd.
WARNING:Xst:647 - Input <b<14>> is never used.
WARNING:Xst:647 - Input <b<13>> is never used.
WARNING:Xst:647 - Input <b<12>> is never used.
WARNING:Xst:647 - Input <b<11>> is never used.
WARNING:Xst:647 - Input <b<10>> is never used.
WARNING:Xst:647 - Input <b<9>> is never used.
WARNING:Xst:647 - Input <b<8>> is never used.
WARNING:Xst:647 - Input <b<7>> is never used.
WARNING:Xst:647 - Input <b<6>> is never used.
WARNING:Xst:647 - Input <b<5>> is never used.
WARNING:Xst:647 - Input <b<4>> is never used.
WARNING:Xst:647 - Input <b<3>> is never used.
WARNING:Xst:647 - Input <b<2>> is never used.
WARNING:Xst:647 - Input <b<1>> is never used.
WARNING:Xst:647 - Input <b<0>> is never used.
WARNING:Xst:647 - Input <result<14>> is never used.
WARNING:Xst:647 - Input <result<13>> is never used.
WARNING:Xst:647 - Input <result<12>> is never used.
WARNING:Xst:647 - Input <result<11>> is never used.
WARNING:Xst:647 - Input <result<10>> is never used.
WARNING:Xst:647 - Input <result<9>> is never used.
WARNING:Xst:647 - Input <result<8>> is never used.
WARNING:Xst:647 - Input <result<7>> is never used.
WARNING:Xst:647 - Input <result<6>> is never used.
WARNING:Xst:647 - Input <result<5>> is never used.
WARNING:Xst:647 - Input <result<4>> is never used.
WARNING:Xst:647 - Input <result<3>> is never used.
WARNING:Xst:647 - Input <result<2>> is never used.
WARNING:Xst:647 - Input <result<1>> is never used.
WARNING:Xst:647 - Input <result<0>> is never used.
Unit <of_detect> synthesized.


Synthesizing Unit <negative_detect>.
    Related source file is E:/proj4/project4/negative_detect.vhd.
Unit <negative_detect> synthesized.


Synthesizing Unit <inv16_mxilinx>.
    Related source file is E:/proj4/project4/add.vhf.
Unit <inv16_mxilinx> synthesized.


Synthesizing Unit <adsu16_mxilinx>.
    Related source file is E:/proj4/project4/add.vhf.
WARNING:Xst:653 - Signal <dummy> is used but never assigned. Tied to value 0.
Unit <adsu16_mxilinx> synthesized.


Synthesizing Unit <addfloat>.
    Related source file is E:/proj4/project4/Addf.vhd.
WARNING:Xst:646 - Signal <mantisaa0<12>> is assigned but never used.
WARNING:Xst:646 - Signal <mantisaa0<11>> is assigned but never used.
WARNING:Xst:646 - Signal <mantisab0<12>> is assigned but never used.
WARNING:Xst:646 - Signal <mantisab0<11>> is assigned but never used.
WARNING:Xst:646 - Signal <sum1<12>> is assigned but never used.
WARNING:Xst:646 - Signal <sum1<11>> is assigned but never used.
WARNING:Xst:646 - Signal <mantisaa2<12>> is assigned but never used.
WARNING:Xst:646 - Signal <mantisab2<12>> is assigned but never used.
WARNING:Xst:646 - Signal <sum3<12>> is assigned but never used.
WARNING:Xst:737 - Found 4-bit latch for signal <exponenta2>.
WARNING:Xst:737 - Found 4-bit latch for signal <exponenta3>.
WARNING:Xst:737 - Found 4-bit latch for signal <exponentb2>.
WARNING:Xst:737 - Found 4-bit latch for signal <exponentb3>.
WARNING:Xst:737 - Found 1-bit latch for signal <sign>.
WARNING:Xst:737 - Found 1-bit latch for signal <sum<12>>.
WARNING:Xst:737 - Found 1-bit latch for signal <sum<11>>.
WARNING:Xst:737 - Found 1-bit latch for signal <sum<10>>.
WARNING:Xst:737 - Found 1-bit latch for signal <sum<9>>.
WARNING:Xst:737 - Found 1-bit latch for signal <sum<8>>.
WARNING:Xst:737 - Found 1-bit latch for signal <sum<7>>.
WARNING:Xst:737 - Found 1-bit latch for signal <sum<6>>.
WARNING:Xst:737 - Found 1-bit latch for signal <sum<5>>.
WARNING:Xst:737 - Found 1-bit latch for signal <sum<4>>.
WARNING:Xst:737 - Found 1-bit latch for signal <sum<3>>.
WARNING:Xst:737 - Found 1-bit latch for signal <sum<2>>.
WARNING:Xst:737 - Found 1-bit latch for signal <sum<1>>.
WARNING:Xst:737 - Found 1-bit latch for signal <sum<0>>.
WARNING:Xst:737 - Found 1-bit latch for signal <mantisaa2<11>>.
WARNING:Xst:737 - Found 1-bit latch for signal <mantisaa2<10>>.
WARNING:Xst:737 - Found 1-bit latch for signal <mantisaa2<9>>.
WARNING:Xst:737 - Found 1-bit latch for signal <mantisaa2<8>>.
WARNING:Xst:737 - Found 1-bit latch for signal <mantisaa2<7>>.
WARNING:Xst:737 - Found 1-bit latch for signal <mantisaa2<6>>.
WARNING:Xst:737 - Found 1-bit latch for signal <mantisaa2<5>>.
WARNING:Xst:737 - Found 1-bit latch for signal <mantisaa2<4>>.
WARNING:Xst:737 - Found 1-bit latch for signal <mantisaa2<3>>.
WARNING:Xst:737 - Found 1-bit latch for signal <mantisaa2<2>>.
WARNING:Xst:737 - Found 1-bit latch for signal <mantisaa2<1>>.
WARNING:Xst:737 - Found 1-bit latch for signal <mantisaa2<0>>.
WARNING:Xst:737 - Found 1-bit latch for signal <sum3<11>>.
WARNING:Xst:737 - Found 1-bit latch for signal <sum3<10>>.
WARNING:Xst:737 - Found 1-bit latch for signal <sum3<9>>.
WARNING:Xst:737 - Found 1-bit latch for signal <sum3<8>>.
WARNING:Xst:737 - Found 1-bit latch for signal <sum3<7>>.
WARNING:Xst:737 - Found 1-bit latch for signal <sum3<6>>.
WARNING:Xst:737 - Found 1-bit latch for signal <sum3<5>>.
WARNING:Xst:737 - Found 1-bit latch for signal <sum3<4>>.
WARNING:Xst:737 - Found 1-bit latch for signal <sum3<3>>.
WARNING:Xst:737 - Found 1-bit latch for signal <sum3<2>>.
WARNING:Xst:737 - Found 1-bit latch for signal <sum3<1>>.
WARNING:Xst:737 - Found 1-bit latch for signal <sum3<0>>.
WARNING:Xst:737 - Found 1-bit latch for signal <signb3>.
WARNING:Xst:737 - Found 1-bit latch for signal <mantisab3<12>>.
WARNING:Xst:737 - Found 1-bit latch for signal <mantisab3<11>>.
WARNING:Xst:737 - Found 1-bit latch for signal <mantisab3<10>>.
WARNING:Xst:737 - Found 1-bit latch for signal <mantisab3<9>>.
WARNING:Xst:737 - Found 1-bit latch for signal <mantisab3<8>>.
WARNING:Xst:737 - Found 1-bit latch for signal <mantisab3<7>>.
WARNING:Xst:737 - Found 1-bit latch for signal <mantisab3<6>>.
WARNING:Xst:737 - Found 1-bit latch for signal <mantisab3<5>>.
WARNING:Xst:737 - Found 1-bit latch for signal <mantisab3<4>>.
WARNING:Xst:737 - Found 1-bit latch for signal <mantisab3<3>>.
WARNING:Xst:737 - Found 1-bit latch for signal <mantisab3<2>>.
WARNING:Xst:737 - Found 1-bit latch for signal <mantisab3<1>>.
WARNING:Xst:737 - Found 1-bit latch for signal <mantisab3<0>>.
WARNING:Xst:737 - Found 1-bit latch for signal <mantisab2<11>>.
WARNING:Xst:737 - Found 1-bit latch for signal <mantisab2<10>>.
WARNING:Xst:737 - Found 1-bit latch for signal <mantisab2<9>>.
WARNING:Xst:737 - Found 1-bit latch for signal <mantisab2<8>>.
WARNING:Xst:737 - Found 1-bit latch for signal <mantisab2<7>>.
WARNING:Xst:737 - Found 1-bit latch for signal <mantisab2<6>>.
WARNING:Xst:737 - Found 1-bit latch for signal <mantisab2<5>>.
WARNING:Xst:737 - Found 1-bit latch for signal <mantisab2<4>>.
WARNING:Xst:737 - Found 1-bit latch for signal <mantisab2<3>>.
WARNING:Xst:737 - Found 1-bit latch for signal <mantisab2<2>>.
WARNING:Xst:737 - Found 1-bit latch for signal <mantisab2<1>>.
WARNING:Xst:737 - Found 1-bit latch for signal <mantisab2<0>>.
    Found 12-bit adder for signal <$n0185> created at line 508.
    Found 12-bit adder for signal <$n0186> created at line 522.
    Found 12-bit adder for signal <$n0187> created at line 549.
    Found 4-bit comparator greater for signal <$n0318> created at line 62.
    Found 4-bit adder for signal <$n0320> created at line 64.
    Found 4-bit comparator greater for signal <$n0321> created at line 69.
    Found 4-bit adder for signal <$n0323> created at line 71.
    Found 4-bit addsub for signal <$n0366> created at line 78.
    Found 4-bit addsub for signal <$n0370> created at line 575.
    Found 4-bit comparator greater for signal <$n0419> created at line 79.
    Found 4-bit comparator less for signal <$n0420> created at line 82.
    Found 4-bit comparator greater for signal <$n0421> created at line 104.
    Found 4-bit comparator less for signal <$n0422> created at line 107.
    Found 1-bit xor2 for signal <sign0>.
    Found 13-bit adder for signal <sum2>.
    Found 21 1-bit 2-to-1 multiplexers.
    Summary:
	inferred  80 Latch(s).
	inferred   8 Adder/Subtracter(s).
	inferred   6 Comparator(s).
	inferred  21 Multiplexer(s).
	inferred   1 Xor(s).
Unit <addfloat> synthesized.


Synthesizing Unit <d3_8e_mxilinx>.
    Related source file is E:/proj4/project4/regfile.vhf.
Unit <d3_8e_mxilinx> synthesized.


Synthesizing Unit <sraminterfacewithpport>.
    Related source file is E:/proj4/project4/sraminterfacewithpport-sv01.vhd.
Unit <sraminterfacewithpport> synthesized.


Synthesizing Unit <memorywrite>.
    Related source file is E:/proj4/project4/memorywrite.vhd.
    Found finite state machine <FSM_2> for signal <prestate>.
    -----------------------------------------------------------------------
    | States             | 3                                              |
    | Transitions        | 6                                              |
    | Inputs             | 2                                              |
    | Outputs            | 2                                              |
    | Reset type         | asynchronous                                   |
    | Encoding           | automatic                                      |
    | State register     | D  flip-flops                                  |
    -----------------------------------------------------------------------
    Summary:
	inferred   1 Finite State Machine(s).
Unit <memorywrite> synthesized.


Synthesizing Unit <memoryread>.
    Related source file is E:/proj4/project4/memoryread.vhd.
    Found finite state machine <FSM_3> for signal <prestate>.
    -----------------------------------------------------------------------
    | States             | 3                                              |
    | Transitions        | 6                                              |
    | Inputs             | 2                                              |
    | Outputs            | 2                                              |
    | Reset type         | asynchronous                                   |
    | Encoding           | automatic                                      |
    | State register     | D  flip-flops                                  |
    -----------------------------------------------------------------------
    Summary:
	inferred   1 Finite State Machine(s).
Unit <memoryread> synthesized.


Synthesizing Unit <zero_detect>.
    Related source file is E:/proj4/project4/zero_detect.vhd.
Unit <zero_detect> synthesized.


Synthesizing Unit <shift>.
    Related source file is E:/proj4/project4/shift.vhd.
WARNING:Xst:737 - Found 1-bit latch for signal <shift_result<15>>.
WARNING:Xst:737 - Found 1-bit latch for signal <shift_result<14>>.
WARNING:Xst:737 - Found 1-bit latch for signal <shift_result<13>>.
WARNING:Xst:737 - Found 1-bit latch for signal <shift_result<12>>.
WARNING:Xst:737 - Found 1-bit latch for signal <shift_result<11>>.
WARNING:Xst:737 - Found 1-bit latch for signal <shift_result<10>>.
WARNING:Xst:737 - Found 1-bit latch for signal <shift_result<9>>.
WARNING:Xst:737 - Found 1-bit latch for signal <shift_result<8>>.
WARNING:Xst:737 - Found 1-bit latch for signal <shift_result<7>>.
WARNING:Xst:737 - Found 1-bit latch for signal <shift_result<6>>.
WARNING:Xst:737 - Found 1-bit latch for signal <shift_result<5>>.
WARNING:Xst:737 - Found 1-bit latch for signal <shift_result<4>>.
WARNING:Xst:737 - Found 1-bit latch for signal <shift_result<3>>.
WARNING:Xst:737 - Found 1-bit latch for signal <shift_result<2>>.
WARNING:Xst:737 - Found 1-bit latch for signal <shift_result<1>>.
WARNING:Xst:737 - Found 1-bit latch for signal <shift_result<0>>.
WARNING:Xst:737 - Found 1-bit latch for signal <$n0009>.
WARNING:Xst:737 - Found 1-bit latch for signal <$n0011>.
WARNING:Xst:737 - Found 1-bit latch for signal <$n0013>.
WARNING:Xst:737 - Found 1-bit latch for signal <$n0015>.
WARNING:Xst:737 - Found 1-bit latch for signal <$n0017>.
WARNING:Xst:737 - Found 1-bit latch for signal <$n0019>.
WARNING:Xst:737 - Found 1-bit latch for signal <$n0021>.
WARNING:Xst:737 - Found 1-bit latch for signal <$n0023>.
WARNING:Xst:737 - Found 1-bit latch for signal <$n0025>.
WARNING:Xst:737 - Found 1-bit latch for signal <$n0027>.
WARNING:Xst:737 - Found 1-bit latch for signal <$n0029>.
WARNING:Xst:737 - Found 1-bit latch for signal <$n0030>.
    Found 1-bit 16-to-1 multiplexer for signal <$n0001>.
    Found 1-bit 16-to-1 multiplexer for signal <$n0003>.
    Found 1-bit 16-to-1 multiplexer for signal <$n0005>.
    Found 1-bit 16-to-1 multiplexer for signal <$n0007>.
    Summary:
	inferred  28 Latch(s).
	inferred   4 Multiplexer(s).
Unit <shift> synthesized.


Synthesizing Unit <of_enable>.
    Related source file is E:/proj4/project4/OF_enable.vhd.
Unit <of_enable> synthesized.


Synthesizing Unit <logical>.
    Related source file is E:/proj4/project4/logical.vhd.
WARNING:Xst:737 - Found 16-bit latch for signal <logicalout>.
    Summary:
	inferred  16 Latch(s).
Unit <logical> synthesized.


Synthesizing Unit <control_unit>.
    Related source file is E:/proj4/project4/control_module.vhd.
WARNING:Xst:737 - Found 2-bit latch for signal <sel>.
    Summary:
	inferred   2 Latch(s).
Unit <control_unit> synthesized.


Synthesizing Unit <add>.
    Related source file is E:/proj4/project4/add.vhf.
WARNING:Xst:653 - Signal <xlxn_60<15>> is used but never assigned. Tied to value 0.
WARNING:Xst:653 - Signal <xlxn_60<14>> is used but never assigned. Tied to value 0.
WARNING:Xst:653 - Signal <xlxn_60<13>> is used but never assigned. Tied to value 0.
WARNING:Xst:653 - Signal <xlxn_60<12>> is used but never assigned. Tied to value 0.
WARNING:Xst:653 - Signal <xlxn_60<11>> is used but never assigned. Tied to value 0.
WARNING:Xst:653 - Signal <xlxn_60<10>> is used but never assigned. Tied to value 0.
WARNING:Xst:653 - Signal <xlxn_60<9>> is used but never assigned. Tied to value 0.
WARNING:Xst:653 - Signal <xlxn_60<8>> is used but never assigned. Tied to value 0.
WARNING:Xst:653 - Signal <xlxn_60<7>> is used but never assigned. Tied to value 0.
WARNING:Xst:653 - Signal <xlxn_60<6>> is used but never assigned. Tied to value 0.
WARNING:Xst:653 - Signal <xlxn_60<5>> is used but never assigned. Tied to value 0.
WARNING:Xst:653 - Signal <xlxn_60<4>> is used but never assigned. Tied to value 0.
WARNING:Xst:653 - Signal <xlxn_60<3>> is used but never assigned. Tied to value 0.
WARNING:Xst:653 - Signal <xlxn_60<2>> is used but never assigned. Tied to value 0.
WARNING:Xst:653 - Signal <xlxn_60<1>> is used but never assigned. Tied to value 0.
WARNING:Xst:653 - Signal <xlxn_60<0>> is used but never assigned. Tied to value 0.
Unit <add> synthesized.


Synthesizing Unit <regfile>.
    Related source file is E:/proj4/project4/regfile.vhf.
Unit <regfile> synthesized.


Synthesizing Unit <obuf4_mxilinx>.
    Related source file is E:/proj4/project4/project2.vhf.
Unit <obuf4_mxilinx> synthesized.


Synthesizing Unit <obuf16_mxilinx>.
    Related source file is E:/proj4/project4/project2.vhf.
Unit <obuf16_mxilinx> synthesized.


Synthesizing Unit <memorymodule>.
    Related source file is E:/proj4/project4/memaccess.vhd.
Unit <memorymodule> synthesized.


Synthesizing Unit <ibuf8_mxilinx>.
    Related source file is E:/proj4/project4/project2.vhf.
Unit <ibuf8_mxilinx> synthesized.


Synthesizing Unit <fd16ce_mxilinx>.
    Related source file is E:/proj4/project4/project2.vhf.
Unit <fd16ce_mxilinx> synthesized.


Synthesizing Unit <ctrlunit>.
    Related source file is E:/proj4/project4/ctrlunit.vhd.
    Found finite state machine <FSM_4> for signal <prest>.
    -----------------------------------------------------------------------
    | States             | 11                                             |
    | Transitions        | 50                                             |
    | Inputs             | 26                                             |
    | Outputs            | 93                                             |
    | Reset type         | asynchronous                                   |
    | Encoding           | automatic                                      |
    | State register     | D  flip-flops                                  |
    -----------------------------------------------------------------------
    Found 1-bit register for signal <resetl>.
    Found 16-bit adder for signal <$n0058> created at line 355.
    Found 15-bit adder for signal <$n1659> created at line 474.
    Found 15-bit adder for signal <$n1660> created at line 291.
    Found 16-bit subtractor for signal <$n1717>.
    Found 16-bit register for signal <regint>.
    Summary:
	inferred   1 Finite State Machine(s).
	inferred  17 D-type flip-flop(s).
	inferred   4 Adder/Subtracter(s).
Unit <ctrlunit> synthesized.


Synthesizing Unit <alu>.
    Related source file is E:/proj4/project4/alu.vhf.
WARNING:Xst:653 - Signal <xlxn_3<15>> is used but never assigned. Tied to value 0.
WARNING:Xst:653 - Signal <xlxn_3<14>> is used but never assigned. Tied to value 0.
WARNING:Xst:653 - Signal <xlxn_3<13>> is used but never assigned. Tied to value 0.
WARNING:Xst:653 - Signal <xlxn_3<12>> is used but never assigned. Tied to value 0.
WARNING:Xst:653 - Signal <xlxn_3<11>> is used but never assigned. Tied to value 0.
WARNING:Xst:653 - Signal <xlxn_3<10>> is used but never assigned. Tied to value 0.
WARNING:Xst:653 - Signal <xlxn_3<9>> is used but never assigned. Tied to value 0.
WARNING:Xst:653 - Signal <xlxn_3<8>> is used but never assigned. Tied to value 0.
WARNING:Xst:653 - Signal <xlxn_3<7>> is used but never assigned. Tied to value 0.
WARNING:Xst:653 - Signal <xlxn_3<6>> is used but never assigned. Tied to value 0.
WARNING:Xst:653 - Signal <xlxn_3<5>> is used but never assigned. Tied to value 0.
WARNING:Xst:653 - Signal <xlxn_3<4>> is used but never assigned. Tied to value 0.
WARNING:Xst:653 - Signal <xlxn_3<3>> is used but never assigned. Tied to value 0.
WARNING:Xst:653 - Signal <xlxn_3<2>> is used but never assigned. Tied to value 0.
WARNING:Xst:653 - Signal <xlxn_3<1>> is used but never assigned. Tied to value 0.
WARNING:Xst:653 - Signal <xlxn_3<0>> is used but never assigned. Tied to value 0.
Unit <alu> synthesized.


Synthesizing Unit <project2>.
    Related source file is E:/proj4/project4/project2.vhf.
Unit <project2> synthesized.

=========================================================================
HDL Synthesis Report

Macro Statistics
# FSMs                             : 5
# Registers                        : 53
  19-bit register                  : 1
  8-bit register                   : 3
  1-bit register                   : 45
  5-bit register                   : 1
  16-bit register                  : 3
# Latches                          : 99
  8-bit latch                      : 1
  4-bit latch                      : 4
  1-bit latch                      : 92
  16-bit latch                     : 1
  2-bit latch                      : 1
# Counters                         : 2
  2-bit up counter                 : 2
# Multiplexers                     : 52
  2-to-1 multiplexer               : 47
  4-bit 4-to-1 multiplexer         : 1
  1-bit 16-to-1 multiplexer        : 4
# Tristates                        : 1
  16-bit tristate buffer           : 1
# Adders/Subtractors               : 13
  19-bit adder                     : 1
  13-bit adder                     : 1
  12-bit adder                     : 3
  4-bit adder                      : 2
  4-bit addsub                     : 2
  16-bit adder                     : 1
  15-bit adder                     : 2
  16-bit subtractor                : 1
# Comparators                      : 10
  8-bit comparator equal           : 4
  4-bit comparator greater         : 4
  4-bit comparator less            : 2
# Xors                             : 1
  1-bit xor2                       : 1

=========================================================================

Optimizing FSM <FSM_0> with One-Hot encoding and D flip-flops.
Optimizing FSM <FSM_1> with One-Hot encoding and D flip-flops.
Optimizing FSM <FSM_2> with One-Hot encoding and D flip-flops.
Optimizing FSM <FSM_3> with One-Hot encoding and D flip-flops.
Optimizing FSM <FSM_4> with One-Hot encoding and D flip-flops.

Starting low level synthesis...
WARNING:Xst:524 - All outputs of the instance <xlxi_29> of the block <addfloat> are unconnected in block <add>.
   This instance will be removed from the design along with all underlying logic
Optimizing unit <memoryread> ...

Optimizing unit <memorywrite> ...

Optimizing unit <pctosraminterface> ...

Optimizing unit <memorymultiplexor> ...

Optimizing unit <addfloat> ...

Optimizing unit <adsu16_mxilinx> ...

Optimizing unit <inv16_mxilinx> ...

Optimizing unit <negative_detect> ...

Optimizing unit <of_detect> ...

Optimizing unit <add> ...

Optimizing unit <control_unit> ...

Optimizing unit <logical> ...

Optimizing unit <of_enable> ...

Optimizing unit <shift> ...

Optimizing unit <zero_detect> ...

Optimizing unit <alu> ...

Optimizing unit <d3_8e_mxilinx> ...

Optimizing unit <fd16ce_mxilinx> ...

Optimizing unit <regfile> ...

Optimizing unit <ctrlunit> ...

Optimizing unit <obuf4_mxilinx> ...

Optimizing unit <obuf16_mxilinx> ...

Optimizing unit <ibuf8_mxilinx> ...

Optimizing unit <project2> ...

Building and optimizing final netlist ...

Register xlxi_30_pctofpgainterface_fpgatosraminterface_presstate_FFD2 equivalent to xlxi_30_pctofpgainterface_fpgatosraminterface_doingwrite1 has been removed
Register xlxi_30_pctofpgainterface_fpgatosraminterface_presstate_FFD3 equivalent to xlxi_30_pctofpgainterface_fpgatosraminterface_doingwrite2 has been removed
WARNING:Xst:387 - The KEEP property attached to the net <c0> may hinder timing optimization.
   You may achieve better results by removing this property
WARNING:Xst:387 - The KEEP property attached to the net <c1> may hinder timing optimization.
   You may achieve better results by removing this property
WARNING:Xst:387 - The KEEP property attached to the net <c10> may hinder timing optimization.
   You may achieve better results by removing this property
WARNING:Xst:387 - The KEEP property attached to the net <c11> may hinder timing optimization.
   You may achieve better results by removing this property
WARNING:Xst:387 - The KEEP property attached to the net <c12> may hinder timing optimization.
   You may achieve better results by removing this property
WARNING:Xst:387 - The KEEP property attached to the net <c13> may hinder timing optimization.
   You may achieve better results by removing this property
WARNING:Xst:387 - The KEEP property attached to the net <c14> may hinder timing optimization.
   You may achieve better results by removing this property
WARNING:Xst:387 - The KEEP property attached to the net <c14o> may hinder timing optimization.
   You may achieve better results by removing this property
WARNING:Xst:387 - The KEEP property attached to the net <c2> may hinder timing optimization.
   You may achieve better results by removing this property
WARNING:Xst:387 - The KEEP property attached to the net <c3> may hinder timing optimization.
   You may achieve better results by removing this property
WARNING:Xst:387 - The KEEP property attached to the net <c4> may hinder timing optimization.
   You may achieve better results by removing this property
WARNING:Xst:387 - The KEEP property attached to the net <c5> may hinder timing optimization.
   You may achieve better results by removing this property
WARNING:Xst:387 - The KEEP property attached to the net <c6> may hinder timing optimization.
   You may achieve better results by removing this property
WARNING:Xst:387 - The KEEP property attached to the net <c7> may hinder timing optimization.
   You may achieve better results by removing this property
WARNING:Xst:387 - The KEEP property attached to the net <c8> may hinder timing optimization.
   You may achieve better results by removing this property
WARNING:Xst:387 - The KEEP property attached to the net <c9> may hinder timing optimization.
   You may achieve better results by removing this property
WARNING:Xst:387 - The KEEP property attached to the net <I0> may hinder timing optimization.
   You may achieve better results by removing this property
WARNING:Xst:387 - The KEEP property attached to the net <I1> may hinder timing optimization.
   You may achieve better results by removing this property
WARNING:Xst:387 - The KEEP property attached to the net <i10> may hinder timing optimization.
   You may achieve better results by removing this property
WARNING:Xst:387 - The KEEP property attached to the net <i11> may hinder timing optimization.
   You may achieve better results by removing this property
WARNING:Xst:387 - The KEEP property attached to the net <i12> may hinder timing optimization.
   You may achieve better results by removing this property
WARNING:Xst:387 - The KEEP property attached to the net <i13> may hinder timing optimization.
   You may achieve better results by removing this property
WARNING:Xst:387 - The KEEP property attached to the net <i14> may hinder timing optimization.
   You may achieve better results by removing this property
WARNING:Xst:387 - The KEEP property attached to the net <i15> may hinder timing optimization.
   You may achieve better results by removing this property
WARNING:Xst:387 - The KEEP property attached to the net <I2> may hinder timing optimization.
   You may achieve better results by removing this property
WARNING:Xst:387 - The KEEP property attached to the net <I3> may hinder timing optimization.
   You may achieve better results by removing this property
WARNING:Xst:387 - The KEEP property attached to the net <I4> may hinder timing optimization.
   You may achieve better results by removing this property
WARNING:Xst:387 - The KEEP property attached to the net <i5> may hinder timing optimization.
   You may achieve better results by removing this property
WARNING:Xst:387 - The KEEP property attached to the net <i6> may hinder timing optimization.
   You may achieve better results by removing this property
WARNING:Xst:387 - The KEEP property attached to the net <i7> may hinder timing optimization.
   You may achieve better results by removing this property
WARNING:Xst:387 - The KEEP property attached to the net <i8> may hinder timing optimization.
   You may achieve better results by removing this property
WARNING:Xst:387 - The KEEP property attached to the net <i9> may hinder timing optimization.
   You may achieve better results by removing this property
WARNING:Xst:387 - The KEEP property attached to the net <s_1> may hinder timing optimization.
   You may achieve better results by removing this property
WARNING:Xst:387 - The KEEP property attached to the net <s_10> may hinder timing optimization.
   You may achieve better results by removing this property
WARNING:Xst:387 - The KEEP property attached to the net <s_11> may hinder timing optimization.
   You may achieve better results by removing this property
WARNING:Xst:387 - The KEEP property attached to the net <s_12> may hinder timing optimization.
   You may achieve better results by removing this property
WARNING:Xst:387 - The KEEP property attached to the net <s_13> may hinder timing optimization.
   You may achieve better results by removing this property
WARNING:Xst:387 - The KEEP property attached to the net <s_14> may hinder timing optimization.
   You may achieve better results by removing this property
WARNING:Xst:387 - The KEEP property attached to the net <s_15> may hinder timing optimization.
   You may achieve better results by removing this property
WARNING:Xst:387 - The KEEP property attached to the net <s_2> may hinder timing optimization.
   You may achieve better results by removing this property
WARNING:Xst:387 - The KEEP property attached to the net <s_3> may hinder timing optimization.
   You may achieve better results by removing this property
WARNING:Xst:387 - The KEEP property attached to the net <s_4> may hinder timing optimization.
   You may achieve better results by removing this property
WARNING:Xst:387 - The KEEP property attached to the net <s_5> may hinder timing optimization.
   You may achieve better results by removing this property
WARNING:Xst:387 - The KEEP property attached to the net <s_6> may hinder timing optimization.
   You may achieve better results by removing this property
WARNING:Xst:387 - The KEEP property attached to the net <s_7> may hinder timing optimization.
   You may achieve better results by removing this property
WARNING:Xst:387 - The KEEP property attached to the net <s_8> may hinder timing optimization.
   You may achieve better results by removing this property
WARNING:Xst:387 - The KEEP property attached to the net <s_9> may hinder timing optimization.
   You may achieve better results by removing this property
WARNING:Xst:387 - The KEEP property attached to the net <sub0> may hinder timing optimization.
   You may achieve better results by removing this property
WARNING:Xst:387 - The KEEP property attached to the net <sub1> may hinder timing optimization.
   You may achieve better results by removing this property
WARNING:Xst:387 - The KEEP property attached to the net <sub10> may hinder timing optimization.
   You may achieve better results by removing this property
WARNING:Xst:387 - The KEEP property attached to the net <sub11> may hinder timing optimization.
   You may achieve better results by removing this property
WARNING:Xst:387 - The KEEP property attached to the net <sub12> may hinder timing optimization.
   You may achieve better results by removing this property
WARNING:Xst:387 - The KEEP property attached to the net <sub13> may hinder timing optimization.
   You may achieve better results by removing this property
WARNING:Xst:387 - The KEEP property attached to the net <sub14> may hinder timing optimization.
   You may achieve better results by removing this property
WARNING:Xst:387 - The KEEP property attached to the net <sub15> may hinder timing optimization.
   You may achieve better results by removing this property
WARNING:Xst:387 - The KEEP property attached to the net <sub2> may hinder timing optimization.
   You may achieve better results by removing this property
WARNING:Xst:387 - The KEEP property attached to the net <sub3> may hinder timing optimization.
   You may achieve better results by removing this property
WARNING:Xst:387 - The KEEP property attached to the net <sub4> may hinder timing optimization.
   You may achieve better results by removing this property
WARNING:Xst:387 - The KEEP property attached to the net <sub5> may hinder timing optimization.
   You may achieve better results by removing this property
WARNING:Xst:387 - The KEEP property attached to the net <sub6> may hinder timing optimization.
   You may achieve better results by removing this property
WARNING:Xst:387 - The KEEP property attached to the net <sub7> may hinder timing optimization.
   You may achieve better results by removing this property
WARNING:Xst:387 - The KEEP property attached to the net <sub8> may hinder timing optimization.
   You may achieve better results by removing this property
WARNING:Xst:387 - The KEEP property attached to the net <sub9> may hinder timing optimization.
   You may achieve better results by removing this property
WARNING:Xst:387 - The KEEP property attached to the net <pcwr_1> may hinder timing optimization.
   You may achieve better results by removing this property
WARNING:Xst:387 - The KEEP property attached to the net <pcwr_10> may hinder timing optimization.
   You may achieve better results by removing this property
WARNING:Xst:387 - The KEEP property attached to the net <pcwr_11> may hinder timing optimization.
   You may achieve better results by removing this property
WARNING:Xst:387 - The KEEP property attached to the net <pcwr_12> may hinder timing optimization.
   You may achieve better results by removing this property
WARNING:Xst:387 - The KEEP property attached to the net <pcwr_13> may hinder timing optimization.
   You may achieve better results by removing this property
WARNING:Xst:387 - The KEEP property attached to the net <pcwr_14> may hinder timing optimization.
   You may achieve better results by removing this property
WARNING:Xst:387 - The KEEP property attached to the net <pcwr_15> may hinder timing optimization.
   You may achieve better results by removing this property
WARNING:Xst:387 - The KEEP property attached to the net <pcwr_2> may hinder timing optimization.
   You may achieve better results by removing this property
WARNING:Xst:387 - The KEEP property attached to the net <pcwr_3> may hinder timing optimization.
   You may achieve better results by removing this property
WARNING:Xst:387 - The KEEP property attached to the net <pcwr_4> may hinder timing optimization.
   You may achieve better results by removing this property
WARNING:Xst:387 - The KEEP property attached to the net <pcwr_5> may hinder timing optimization.
   You may achieve better results by removing this property
WARNING:Xst:387 - The KEEP property attached to the net <pcwr_6> may hinder timing optimization.
   You may achieve better results by removing this property
WARNING:Xst:387 - The KEEP property attached to the net <pcwr_7> may hinder timing optimization.
   You may achieve better results by removing this property
WARNING:Xst:387 - The KEEP property attached to the net <pcwr_8> may hinder timing optimization.
   You may achieve better results by removing this property
WARNING:Xst:387 - The KEEP property attached to the net <pcwr_9> may hinder timing optimization.
   You may achieve better results by removing this property
WARNING:Xst:387 - The KEEP property attached to the net <xlxi_1_xlxi_15_xlxn_120> may hinder timing optimization.
   You may achieve better results by removing this property
WARNING:Xst:387 - The KEEP property attached to the net <xlxi_1_xlxi_15_xlxn_101> may hinder timing optimization.
   You may achieve better results by removing this property
WARNING:Xst:387 - The KEEP property attached to the net <xlxi_1_xlxi_15_xlxn_95> may hinder timing optimization.
   You may achieve better results by removing this property
WARNING:Xst:387 - The KEEP property attached to the net <xlxi_1_xlxi_15_xlxn_78> may hinder timing optimization.
   You may achieve better results by removing this property
WARNING:Xst:387 - The KEEP property attached to the net <xlxi_1_xlxn_21_0> may hinder timing optimization.
   You may achieve better results by removing this property
WARNING:Xst:387 - The KEEP property attached to the net <xlxi_1_xlxn_21_1> may hinder timing optimization.
   You may achieve better results by removing this property
WARNING:Xst:387 - The KEEP property attached to the net <xlxi_1_xlxn_21_10> may hinder timing optimization.
   You may achieve better results by removing this property
WARNING:Xst:387 - The KEEP property attached to the net <xlxi_1_xlxn_21_11> may hinder timing optimization.
   You may achieve better results by removing this property
WARNING:Xst:387 - The KEEP property attached to the net <xlxi_1_xlxn_21_12> may hinder timing optimization.
   You may achieve better results by removing this property
WARNING:Xst:387 - The KEEP property attached to the net <xlxi_1_xlxn_21_13> may hinder timing optimization.
   You may achieve better results by removing this property
WARNING:Xst:387 - The KEEP property attached to the net <xlxi_1_xlxn_21_14> may hinder timing optimization.
   You may achieve better results by removing this property
WARNING:Xst:387 - The KEEP property attached to the net <xlxi_1_xlxn_21_15> may hinder timing optimization.
   You may achieve better results by removing this property
WARNING:Xst:387 - The KEEP property attached to the net <xlxi_1_xlxn_21_2> may hinder timing optimization.
   You may achieve better results by removing this property
WARNING:Xst:387 - The KEEP property attached to the net <xlxi_1_xlxn_21_3> may hinder timing optimization.
   You may achieve better results by removing this property
WARNING:Xst:387 - The KEEP property attached to the net <xlxi_1_xlxn_21_4> may hinder timing optimization.
   You may achieve better results by removing this property
WARNING:Xst:387 - The KEEP property attached to the net <xlxi_1_xlxn_21_5> may hinder timing optimization.
   You may achieve better results by removing this property
WARNING:Xst:387 - The KEEP property attached to the net <xlxi_1_xlxn_21_6> may hinder timing optimization.
   You may achieve better results by removing this property
WARNING:Xst:387 - The KEEP property attached to the net <xlxi_1_xlxn_21_7> may hinder timing optimization.
   You may achieve better results by removing this property
WARNING:Xst:387 - The KEEP property attached to the net <xlxi_1_xlxn_21_8> may hinder timing optimization.
   You may achieve better results by removing this property
WARNING:Xst:387 - The KEEP property attached to the net <xlxi_1_xlxn_21_9> may hinder timing optimization.
   You may achieve better results by removing this property
=========================================================================
Final Results
Top Level Output File Name         : project2
Output Format                      : NGC
Optimization Criterion             : Speed
Target Technology                  : virtex
Keep Hierarchy                     : No
Macro Generator                    : macro+

Macro Statistics
# FSMs                             : 5
# Registers                        : 55
  19-bit register                  : 1
  8-bit register                   : 3
  1-bit register                   : 45
  5-bit register                   : 1
  16-bit register                  : 3
  2-bit register                   : 2
# Multiplexers                     : 5
  4-bit 4-to-1 multiplexer         : 1
  1-bit 16-to-1 multiplexer        : 4
# Tristates                        : 1
  16-bit tristate buffer           : 1
# Adders/Subtractors               : 13
  19-bit adder                     : 1
  13-bit adder                     : 1
  12-bit adder                     : 3
  4-bit adder                      : 2
  4-bit addsub                     : 2
  16-bit adder                     : 1
  15-bit adder                     : 2
  16-bit subtractor                : 1
# Comparators                      : 10
  8-bit comparator equal           : 4
  4-bit comparator greater         : 4
  4-bit comparator less            : 2

Design Statistics
# IOs                              : 56

Cell Usage :
# BELS                             : 1396
#      GND                         : 2
#      INV                         : 38
#      LUT1                        : 67
#      LUT2                        : 133
#      LUT2_L                      : 15
#      LUT3                        : 299
#      LUT3_D                      : 1
#      LUT4                        : 525
#      LUT4_D                      : 6
#      LUT4_L                      : 1
#      muxcy                       : 93
#      muxcy_d                     : 1
#      muxcy_l                     : 14
#      MUXF5                       : 99
#      MUXF6                       : 8
#      VCC                         : 1
#      xorcy                       : 93
# FlipFlops/Latches                : 345
#      FDC                         : 54
#      FDCE                        : 243
#      FDP                         : 6
#      LD                          : 42
# Clock Buffers                    : 1
#      BUFG                        : 1
# IO Buffers                       : 56
#      IBUF                        : 11
#      IOBUF                       : 16
#      OBUF                        : 29
# Logical                          : 37
#      AND2                        : 8
#      AND4                        : 2
#      AND4b1                      : 3
#      AND4b2                      : 3
#      AND4b3                      : 1
#      OR2                         : 2
#      XOR2                        : 2
#      XOR3                        : 16
# Others                           : 21
#      buxmux16                    : 2
#      fmap                        : 16
#      mux2_16bits                 : 1
#      mux4_16bits_new             : 1
#      mux_four                    : 1
=========================================================================


=========================================================================
TIMING REPORT

NOTE: THESE TIMING NUMBERS ARE ONLY A SYNTHESIS ESTIMATE.
      FOR ACCURATE TIMING INFORMATION PLEASE REFER TO THE TRACE REPORT
      GENERATED AFTER PLACE-and-ROUTE.

Clock Information:
------------------
-----------------------------------+------------------------+-------+
Clock Signal                       | Clock buffer(FF name)  | Load  |
-----------------------------------+------------------------+-------+
clock                              | IBUF                   | 1     |
xlxi_1_xlxi_17_I__n0150:O          | NONE(*)(xlxi_1_xlxi_17_shift_result_1)| 47    |
xlxi_1_xlxi_10_I__n0001:O          | NONE(*)(xlxi_1_xlxi_10_Sel_1)| 2     |
xlxi_1_xlxi_5_I__n0001:O           | NONE(*)(xlxi_1_xlxi_5_logicalout_14)| 32    |
xlxi_30_pctofpgainterface_pportinterface_I__n0037:O| NONE(*)(xlxi_30_pctofpgainterface_pportinterface_mysyncdata_1)| 8     |
-----------------------------------+------------------------+-------+
(*) These 4 clock signal(s) are generated by combinatorial logic,
and XST is not able to identify which are the primary clock signals.
Please use the CLOCK_SIGNAL constraint to specify the clock signal(s) generated by combinatorial logic.

Timing Summary:
---------------
Speed Grade: -6

   Minimum period: 22.723ns (Maximum Frequency: 44.008MHz)
   Minimum input arrival time before clock: 15.453ns
   Maximum output required time after clock: 36.131ns
   Maximum combinational path delay: 22.595ns

Timing Detail:
--------------
All values displayed in nanoseconds (ns)

-------------------------------------------------------------------------
Timing constraint: Default period analysis for Clock 'clock'
Delay:               22.723ns (Levels of Logic = 7)
  Source:            xlxi_31_regint_2
  Destination:       xlxi_3_xlxi_67/i_q6
  Source Clock:      clock rising
  Destination Clock: clock rising

  Data Path: xlxi_31_regint_2 to xlxi_3_xlxi_67/i_q6
                                Gate     Net
    Cell:in->out      fanout   Delay   Delay  Logical Name (Net Name)
    ----------------------------------------  ------------
    FDCE:C->Q             20   1.065   2.880  xlxi_31_regint_2 (xlxi_31_regint_2)
    LUT4:I3->O             5   0.573   1.566  xlxi_31_I__n1649 (xlxi_31_N375)
    LUT4:I3->O             6   0.573   1.665  xlxi_31_I_1_LUT_41 (xlxi_31_N377)
    LUT3:I0->O            19   0.573   2.790  xlxi_31_I_XXL_594 (xlxi_31_N433)
    LUT4_D:I3->O          17   0.573   2.610  xlxi_31_I_XXL_681_3 (xlxi_31_I_XXL_681_3)
    LUT4:I2->O             8   0.573   1.845  xlxi_31_I_regw_2 (N856)
     begin scope: 'xlxi_3_xlxi_7'
    AND4:I0->O             1   0.573   1.035  i_36_30 (d7)
     end scope: 'xlxi_3_xlxi_7'
    AND2:I0->O            16   0.573   2.520  xlxi_3_xlxi_85 (xlxi_3_wren7)
     begin scope: 'xlxi_3_xlxi_67'
    FDCE:CE                    0.736          i_q6
    ----------------------------------------
    Total                     22.723ns (5.812ns logic, 16.911ns route)
                                       (25.6% logic, 74.4% route)

-------------------------------------------------------------------------
Timing constraint: Default OFFSET IN BEFORE for Clock 'xlxi_1_xlxi_17_I__n0150:O'
Offset:              15.453ns (Levels of Logic = 8)
  Source:            xlxi_3_busbmux
  Destination:       xlxi_1_xlxi_17_shift_result_13
  Destination Clock: xlxi_1_xlxi_17_I__n0150:O falling

  Data Path: xlxi_3_busbmux to xlxi_1_xlxi_17_shift_result_13
                                Gate     Net
    Cell:in->out      fanout   Delay   Delay  Logical Name (Net Name)
    ----------------------------------------  ------------
    buxmux16:o_0           3   0.000   1.332  xlxi_3_busbmux (N890)
    LUT4:I0->O            77   0.573   5.445  xlxi_31_I_alub_0 (N950)
    LUT3:I2->O             1   0.573   0.000  xlxi_1_xlxi_17_Mmux__n0003_inst_lut3_17 (xlxi_1_xlxi_17_Mmux__n0003_xstmacro_int_tempname27)
    MUXF5:I0->O            1   0.436   0.000  xlxi_1_xlxi_17_Mmux__n0003_inst_mux_f5_8 (xlxi_1_xlxi_17_Mmux__n0003_xstmacro_int_tempname29)
    MUXF6:I0->O            1   0.320   1.035  xlxi_1_xlxi_17_Mmux__n0003_inst_mux_f6_2 (xlxi_1_xlxi_17_Mmux__n0003_xstmacro_int_tempname33)
    LUT3:I0->O             1   0.573   1.035  xlxi_1_xlxi_17_Mmux__n0003_inst_lut3_25 (xlxi_1_xlxi_17_N394)
    LUT3:I1->O             1   0.573   1.035  xlxi_1_xlxi_17_I_34_LUT_18 (xlxi_1_xlxi_17_N397)
    LUT4:I0->O             1   0.573   1.035  xlxi_1_xlxi_17_I_33_LUT_66 (xlxi_1_xlxi_17_N405)
    LUT2:I1->O             1   0.573   0.000  xlxi_1_xlxi_17_I__n0004 (xlxi_1_xlxi_17_N407)
    LD:D                       0.342          xlxi_1_xlxi_17_shift_result_13
    ----------------------------------------
    Total                     15.453ns (4.536ns logic, 10.917ns route)
                                       (29.4% logic, 70.6% route)

-------------------------------------------------------------------------
Timing constraint: Default OFFSET OUT AFTER for Clock 'clock'
Offset:              36.131ns (Levels of Logic = 12)
  Source:            xlxi_31_regint_2
  Destination:       overflow
  Source Clock:      clock rising

  Data Path: xlxi_31_regint_2 to overflow
                                Gate     Net
    Cell:in->out      fanout   Delay   Delay  Logical Name (Net Name)
    ----------------------------------------  ------------
    FDCE:C->Q             20   1.065   2.880  xlxi_31_regint_2 (xlxi_31_regint_2)
    LUT4:I3->O             5   0.573   1.566  xlxi_31_I__n1649 (xlxi_31_N375)
    LUT4:I3->O             6   0.573   1.665  xlxi_31_I_1_LUT_41 (xlxi_31_N377)
    LUT3:I0->O            20   0.573   2.880  xlxi_31_I_XXL_594_1 (xlxi_31_I_XXL_594_1)
    LUT4:I1->O            16   0.573   2.520  xlxi_31_I_XXL_398 (xlxi_31_N538)
    LUT4:I3->O            77   0.573   5.445  xlxi_31_I_alub_0 (N950)
    LUT3:I0->O             8   0.573   1.845  xlxi_1_xlxi_17_I_XXL_107 (xlxi_1_xlxi_17_N201)
    LUT4:I1->O             1   0.573   1.035  xlxi_1_xlxi_17_I_6_LUT_23 (xlxi_1_xlxi_17_N210)
    LUT4:I3->O             1   0.573   1.035  xlxi_1_xlxi_17_I_1_LUT_73 (xlxi_1_xlxi_17_N212)
    LUT4:I0->O             1   0.573   1.035  xlxi_1_xlxi_17_I_shifted_out (xlxi_1_shift_overflow)
    OR2:I0->O              1   0.573   1.035  xlxi_1_xlxi_7 (xlxi_1_xlxn_17)
    AND2:I1->O             1   0.573   1.035  xlxi_1_xlxi_14 (ovf)
    OBUF:I->O                  4.787          xlxi_9 (overflow)
    ----------------------------------------
    Total                     36.131ns (12.155ns logic, 23.976ns route)
                                       (33.6% logic, 66.4% route)

-------------------------------------------------------------------------
Timing constraint: Default path analysis
Offset:              22.595ns (Levels of Logic = 8)
  Source:            xlxi_3_busbmux
  Destination:       overflow

  Data Path: xlxi_3_busbmux to overflow
                                Gate     Net
    Cell:in->out      fanout   Delay   Delay  Logical Name (Net Name)
    ----------------------------------------  ------------
    buxmux16:o_0           3   0.000   1.332  xlxi_3_busbmux (N890)
    LUT4:I0->O            77   0.573   5.445  xlxi_31_I_alub_0 (N950)
    LUT3:I0->O             8   0.573   1.845  xlxi_1_xlxi_17_I_XXL_107 (xlxi_1_xlxi_17_N201)
    LUT4:I1->O             1   0.573   1.035  xlxi_1_xlxi_17_I_6_LUT_23 (xlxi_1_xlxi_17_N210)
    LUT4:I3->O             1   0.573   1.035  xlxi_1_xlxi_17_I_1_LUT_73 (xlxi_1_xlxi_17_N212)
    LUT4:I0->O             1   0.573   1.035  xlxi_1_xlxi_17_I_shifted_out (xlxi_1_shift_overflow)
    OR2:I0->O              1   0.573   1.035  xlxi_1_xlxi_7 (xlxi_1_xlxn_17)
    AND2:I1->O             1   0.573   1.035  xlxi_1_xlxi_14 (ovf)
    OBUF:I->O                  4.787          xlxi_9 (overflow)
    ----------------------------------------
    Total                     22.595ns (8.798ns logic, 13.797ns route)
                                       (38.9% logic, 61.1% route)

=========================================================================
CPU : 83.78 / 83.81 s | Elapsed : 83.00 / 83.00 s
 
--> 
