Project Information  c:\documents and settings\s4g09\desktop\lab3\register.rpt

MAX+plus II Compiler Report File
Version 10.23 07/09/2003
Compiled: 10/20/2003 20:24:07

Copyright (C) 1988-2003 Altera Corporation
Any megafunction design, and related net list (encrypted or decrypted),
support information, device programming or simulation file, and any other
associated documentation or information provided by Altera or a partner
under Altera's Megafunction Partnership Program may be used only to
program PLD devices (but not masked PLD devices) from Altera.  Any other
use of such megafunction design, net list, support information, device
programming or simulation file, or any other related documentation or
information is prohibited for any other purpose, including, but not
limited to modification, reverse engineering, de-compiling, or use with
any other silicon devices, unless such use is explicitly licensed under
a separate agreement with Altera or a megafunction partner.  Title to
the intellectual property, including patents, copyrights, trademarks,
trade secrets, or maskworks, embodied in any such megafunction design,
net list, support information, device programming or simulation file, or
any other related documentation or information provided by Altera or a
megafunction partner, remains with Altera, the megafunction partner, or
their respective licensors.  No other licenses, including any licenses
needed under any third party's intellectual property, are provided herein.



***** Project compilation was successful


Untitled


** DEVICE SUMMARY **

Chip/                     Input   Output   Bidir         Shareable
POF       Device          Pins    Pins     Pins     LCs  Expanders  % Utilized

register  EPM7128SLC84-7   8        4        0      5       10          3  %

User Pins:                 8        4        0  



Project Information  c:\documents and settings\s4g09\desktop\lab3\register.rpt

** AUTO GLOBAL SIGNALS **



INFO: Signal 'clk' chosen for auto global Clock


Device-Specific Information:c:\documents and settings\s4g09\desktop\lab3\register.rpt
register

***** Logic for device 'register' compiled without errors.




Device: EPM7128SLC84-7

Device Options:
    Turbo Bit                                    = ON
    Security Bit                                 = OFF
    Enable JTAG Support                        = ON
    User Code                                  = ffff
    MultiVolt I/O                              = OFF

                                   R                    R  R  R     R        
                                   E                    E  E  E     E        
                                   S  V                 S  S  S     S        
                                   E  C                 E  E  E  V  E        
                                   R  C                 R  R  R  C  R        
                          G        V  I  G  G  G  c  G  V  V  V  C  V        
              M  M        N  M     E  N  N  N  N  l  N  E  E  E  I  E  Q  Q  
              2  1  B  C  D  0  D  D  T  D  D  D  k  D  D  D  D  O  D  0  2  
            -----------------------------------------------------------------_ 
          /  11 10  9  8  7  6  5  4  3  2  1 84 83 82 81 80 79 78 77 76 75   | 
       A | 12                                                              74 | Q1 
   VCCIO | 13                                                              73 | Q3 
    #TDI | 14                                                              72 | GND 
RESERVED | 15                                                              71 | #TDO 
RESERVED | 16                                                              70 | RESERVED 
RESERVED | 17                                                              69 | RESERVED 
RESERVED | 18                                                              68 | RESERVED 
     GND | 19                                                              67 | RESERVED 
RESERVED | 20                                                              66 | VCCIO 
RESERVED | 21                                                              65 | RESERVED 
RESERVED | 22                        EPM7128SLC84-7                        64 | RESERVED 
    #TMS | 23                                                              63 | RESERVED 
RESERVED | 24                                                              62 | #TCK 
RESERVED | 25                                                              61 | RESERVED 
   VCCIO | 26                                                              60 | RESERVED 
RESERVED | 27                                                              59 | GND 
RESERVED | 28                                                              58 | RESERVED 
RESERVED | 29                                                              57 | RESERVED 
RESERVED | 30                                                              56 | RESERVED 
RESERVED | 31                                                              55 | RESERVED 
     GND | 32                                                              54 | RESERVED 
         |_  33 34 35 36 37 38 39 40 41 42 43 44 45 46 47 48 49 50 51 52 53  _| 
           ------------------------------------------------------------------ 
              R  R  R  R  R  V  R  R  R  G  V  R  R  R  G  R  R  R  R  R  V  
              E  E  E  E  E  C  E  E  E  N  C  E  E  E  N  E  E  E  E  E  C  
              S  S  S  S  S  C  S  S  S  D  C  S  S  S  D  S  S  S  S  S  C  
              E  E  E  E  E  I  E  E  E     I  E  E  E     E  E  E  E  E  I  
              R  R  R  R  R  O  R  R  R     N  R  R  R     R  R  R  R  R  O  
              V  V  V  V  V     V  V  V     T  V  V  V     V  V  V  V  V     
              E  E  E  E  E     E  E  E        E  E  E     E  E  E  E  E     
              D  D  D  D  D     D  D  D        D  D  D     D  D  D  D  D     


N.C. = No Connect. This pin has no internal connection to the device.
VCCINT = Dedicated power pin, which MUST be connected to VCC (5.0 volts).
VCCIO = Dedicated power pin, which MUST be connected to VCC (5.0 volts).
GND = Dedicated ground pin or unused dedicated input, which MUST be connected to GND.
RESERVED = Unused I/O pin, which MUST be left unconnected.

^ = Dedicated configuration pin.
+ = Reserved configuration pin, which is tri-stated during user mode.
* = Reserved configuration pin, which drives out in user mode.
PDn = Power Down pin. 
@ = Special-purpose pin. 
# = JTAG Boundary-Scan Testing/In-System Programming or Configuration Pin. The JTAG inputs TMS and TDI should be tied to VCC and TCK should be tied to GND when not in use.
& = JTAG pin used for I/O. When used as user I/O, JTAG pins must be kept stable before and during configuration.  JTAG pin stability prevents accidental loading of JTAG instructions.


Device-Specific Information:c:\documents and settings\s4g09\desktop\lab3\register.rpt
register

** RESOURCE USAGE **

                                                Shareable     External
Logic Array Block     Logic Cells   I/O Pins    Expanders   Interconnect

A:     LC1 - LC16     0/16(  0%)   7/ 8( 87%)   0/16(  0%)   0/36(  0%) 
B:    LC17 - LC32     0/16(  0%)   1/ 8( 12%)   0/16(  0%)   0/36(  0%) 
C:    LC33 - LC48     0/16(  0%)   1/ 8( 12%)   0/16(  0%)   0/36(  0%) 
D:    LC49 - LC64     0/16(  0%)   0/ 8(  0%)   0/16(  0%)   0/36(  0%) 
E:    LC65 - LC80     0/16(  0%)   0/ 8(  0%)   0/16(  0%)   0/36(  0%) 
F:    LC81 - LC96     0/16(  0%)   1/ 8( 12%)   0/16(  0%)   0/36(  0%) 
G:   LC97 - LC112     0/16(  0%)   1/ 8( 12%)   0/16(  0%)   0/36(  0%) 
H:  LC113 - LC128     5/16( 31%)   4/ 8( 50%)  15/16( 93%)  12/36( 33%) 


Total dedicated input pins used:                 1/4      ( 25%)
Total I/O pins used:                            15/64     ( 23%)
Total logic cells used:                          5/128    (  3%)
Total shareable expanders used:                 10/128    (  7%)
Total Turbo logic cells used:                    5/128    (  3%)
Total shareable expanders not available (n/a):   5/128    (  3%)
Average fan-in:                                  8.20
Total fan-in:                                    41

Total input pins required:                       8
Total fast input logic cells required:           0
Total output pins required:                      4
Total bidirectional pins required:               0
Total reserved pins required                     4
Total logic cells required:                      5
Total flipflops required:                        4
Total product terms required:                   35
Total logic cells lending parallel expanders:    0
Total shareable expanders in database:          10

Synthesized logic cells:                         1/ 128   (  0%)



Device-Specific Information:c:\documents and settings\s4g09\desktop\lab3\register.rpt
register

** INPUTS **

                                         Shareable
                                         Expanders     Fan-In    Fan-Out
 Pin     LC  LAB  Primitive    Code   Total Shared n/a INP  FBK  OUT  FBK  Name
  12    (3)  (A)      INPUT               0      0   0    0    0    1    0  A
   9    (8)  (A)      INPUT               0      0   0    0    0    1    0  B
   8   (11)  (A)      INPUT               0      0   0    0    0    1    0  C
  83      -   -       INPUT  G            0      0   0    0    0    0    0  clk
   5   (14)  (A)      INPUT               0      0   0    0    0    1    0  D
   6   (13)  (A)      INPUT               0      0   0    0    0    4    1  M0
  10    (6)  (A)      INPUT               0      0   0    0    0    4    1  M1
  11    (5)  (A)      INPUT               0      0   0    0    0    4    1  M2


Code:

s = Synthesized pin or logic cell
t = Turbo logic cell
+ = Synchronous flipflop
/ = Slow slew-rate output
! = NOT gate push-back
r = Fitter-inserted logic cell
G = Global Source. Fan-out destinations counted here do not include destinations
that are driven using global routing resources. Refer to the Auto Global Signals,
Clock Signals, Clear Signals, Synchronous Load Signals, and Synchronous Clear Signals
Sections of this Report File for information on which signals' fan-outs are used as
Clock, Clear, Preset, Output Enable, and synchronous Load signals.


Device-Specific Information:c:\documents and settings\s4g09\desktop\lab3\register.rpt
register

** OUTPUTS **

                                         Shareable
                                         Expanders     Fan-In    Fan-Out
 Pin     LC  LAB  Primitive    Code   Total Shared n/a INP  FBK  OUT  FBK  Name
  76    120    H         FF   +  t        4      0   1    4    3    4    1  Q0
  74    117    H         FF   +  t        4      0   1    4    3    4    0  Q1
  75    118    H         FF   +  t        5      0   1    4    4    3    1  Q2
  73    115    H         FF   +  t        1      0   1    4    5    3    1  Q3


Code:

s = Synthesized pin or logic cell
t = Turbo logic cell
+ = Synchronous flipflop
/ = Slow slew-rate output
! = NOT gate push-back
r = Fitter-inserted logic cell


Device-Specific Information:c:\documents and settings\s4g09\desktop\lab3\register.rpt
register

** BURIED LOGIC **

                                         Shareable
                                         Expanders     Fan-In    Fan-Out
 Pin     LC  LAB  Primitive    Code   Total Shared n/a INP  FBK  OUT  FBK  Name
   -    113    H       SOFT    s t        1      0   1    3    3    1    0  ~151~1


Code:

s = Synthesized pin or logic cell
t = Turbo logic cell
+ = Synchronous flipflop
/ = Slow slew-rate output
! = NOT gate push-back
r = Fitter-inserted logic cell


Device-Specific Information:c:\documents and settings\s4g09\desktop\lab3\register.rpt
register

** LOGIC CELL INTERCONNECTIONS **

Logic Array Block 'H':

                   Logic cells placed in LAB 'H'
        +--------- LC120 Q0
        | +------- LC117 Q1
        | | +----- LC118 Q2
        | | | +--- LC115 Q3
        | | | | +- LC113 ~151~1
        | | | | | 
        | | | | |   Other LABs fed by signals
        | | | | |   that feed LAB 'H'
LC      | | | | | | A B C D E F G H |     Logic cells that feed LAB 'H':
LC120-> * * * * * | - - - - - - - * | <-- Q0
LC117-> * * * * - | - - - - - - - * | <-- Q1
LC118-> - * * * * | - - - - - - - * | <-- Q2
LC115-> * - * * * | - - - - - - - * | <-- Q3
LC113-> - - - * - | - - - - - - - * | <-- ~151~1

Pin
12   -> * - - - - | - - - - - - - * | <-- A
9    -> - * - - - | - - - - - - - * | <-- B
8    -> - - * - - | - - - - - - - * | <-- C
83   -> - - - - - | - - - - - - - - | <-- clk
5    -> - - - * - | - - - - - - - * | <-- D
6    -> * * * * * | - - - - - - - * | <-- M0
10   -> * * * * * | - - - - - - - * | <-- M1
11   -> * * * * * | - - - - - - - * | <-- M2


* = The logic cell or pin is an input to the logic cell (or LAB) through the PIA.
- = The logic cell or pin is not an input to the logic cell (or LAB).


Device-Specific Information:c:\documents and settings\s4g09\desktop\lab3\register.rpt
register

** EQUATIONS **

A        : INPUT;
B        : INPUT;
C        : INPUT;
clk      : INPUT;
D        : INPUT;
M0       : INPUT;
M1       : INPUT;
M2       : INPUT;

-- Node name is 'Q0' = 'INDFF0' from file "register.tdf" line 7, column 6
-- Equation name is 'Q0', location is LC120, type is output.
 Q0      = DFFE( _EQ001 $  VCC, GLOBAL( clk),  VCC,  VCC,  VCC);
  _EQ001 =  M0 &  M1 &  M2 & !Q0
         #  M0 & !M2 &  Q0 &  _X001
         # !M1 &  M2 &  _X002
         #  M1 & !Q1 &  _X003
         # !A & !M0 & !M1;
  _X001  = EXP( M1 &  Q1);
  _X002  = EXP( M0 &  Q3);
  _X003  = EXP( M0 &  Q0);

-- Node name is 'Q1' = 'INDFF1' from file "register.tdf" line 7, column 6
-- Equation name is 'Q1', location is LC117, type is output.
 Q1      = DFFE( _EQ002 $  _EQ003, GLOBAL( clk),  VCC,  VCC,  VCC);
  _EQ002 =  M0 & !M1 & !M2 &  Q0 &  Q1 &  _X004 &  _X005 &  _X006
         #  M0 &  M1 &  M2 & !Q1 &  _X004 &  _X005 &  _X006
         #  M0 & !M1 & !Q0 & !Q1 &  _X004 &  _X005 &  _X006
         # !B & !M0 & !M1 & !M2 &  _X004 &  _X005 &  _X006;
  _X004  = EXP(!M0 &  M1 & !Q2);
  _X005  = EXP( M1 & !M2 & !Q2);
  _X006  = EXP(!M1 &  M2 & !Q0);
  _EQ003 =  _X004 &  _X005 &  _X006;
  _X004  = EXP(!M0 &  M1 & !Q2);
  _X005  = EXP( M1 & !M2 & !Q2);
  _X006  = EXP(!M1 &  M2 & !Q0);

-- Node name is 'Q2' = 'INDFF2' from file "register.tdf" line 7, column 6
-- Equation name is 'Q2', location is LC118, type is output.
 Q2      = DFFE( _EQ004 $  _EQ005, GLOBAL( clk),  VCC,  VCC,  VCC);
  _EQ004 =  M0 & !M1 & !M2 &  Q0 &  Q1 &  Q2 &  _X007 &  _X008 &  _X009 & 
              _X010
         #  M0 & !M1 & !M2 & !Q0 & !Q2 &  _X007 &  _X008 &  _X009 &  _X010
         #  M0 &  M1 &  M2 & !Q2 &  _X007 &  _X008 &  _X009 &  _X010
         #  M0 & !M1 & !Q1 & !Q2 &  _X007 &  _X008 &  _X009 &  _X010;
  _X007  = EXP( M1 & !M2 & !Q3);
  _X008  = EXP(!C & !M0 & !M1 & !M2);
  _X009  = EXP(!M0 &  M1 & !Q3);
  _X010  = EXP(!M1 &  M2 & !Q1);
  _EQ005 =  _X007 &  _X008 &  _X009 &  _X010;
  _X007  = EXP( M1 & !M2 & !Q3);
  _X008  = EXP(!C & !M0 & !M1 & !M2);
  _X009  = EXP(!M0 &  M1 & !Q3);
  _X010  = EXP(!M1 &  M2 & !Q1);

-- Node name is 'Q3' = 'INDFF3' from file "register.tdf" line 7, column 6
-- Equation name is 'Q3', location is LC115, type is output.
 Q3      = DFFE( _EQ006 $ !_LC113, GLOBAL( clk),  VCC,  VCC,  VCC);
  _EQ006 = !_LC113 &  M0 & !M2 &  Q0 &  Q1 &  Q2 &  Q3
         # !_LC113 &  M0 & !M2 & !Q1 & !Q3
         # !_LC113 &  M0 & !M2 & !Q0 & !Q3
         # !D & !_LC113 & !M0 & !M1 & !M2;

-- Node name is '~151~1' from file "register.tdf" line 55, column 13
-- Equation name is '~151~1', location is LC113, type is buried.
-- synthesized logic cell 
_LC113   = LCELL( _EQ007 $  GND);
  _EQ007 =  M0 &  M1 & !M2
         #  M1 &  M2 & !Q3
         #  M1 & !M2 & !Q0
         #  M0 & !Q2 & !Q3
         # !M1 &  M2 & !Q2;



--     Shareable expanders that are duplicated in multiple LABs:
--     (none)




Project Information  c:\documents and settings\s4g09\desktop\lab3\register.rpt

** COMPILATION SETTINGS & TIMES **

Processing Menu Commands
------------------------

Design Doctor                             = off

Logic Synthesis:

   Synthesis Type Used                    = Standard

   Default Synthesis Style                = NORMAL

      Logic option settings in 'NORMAL' style for 'MAX7000S' family

      DECOMPOSE_GATES                     = on
      DUPLICATE_LOGIC_EXTRACTION          = on
      MINIMIZATION                        = full
      MULTI_LEVEL_FACTORING               = on
      NOT_GATE_PUSH_BACK                  = on
      PARALLEL_EXPANDERS                  = off
      REDUCE_LOGIC                        = on
      REFACTORIZATION                     = on
      REGISTER_OPTIMIZATION               = on
      RESYNTHESIZE_NETWORK                = on
      SLOW_SLEW_RATE                      = off
      SOFT_BUFFER_INSERTION               = on
      SUBFACTOR_EXTRACTION                = on
      TURBO_BIT                           = on
      XOR_SYNTHESIS                       = on
      IGNORE_SOFT_BUFFERS                 = off
      USE_LPM_FOR_AHDL_OPERATORS          = off

   Other logic synthesis settings:

      Automatic Global Clock              = on
      Automatic Global Clear              = on
      Automatic Global Preset             = on
      Automatic Global Output Enable      = on
      Automatic Fast I/O                  = off
      Automatic Register Packing          = off
      Automatic Open-Drain Pins           = on
      Automatic Implement in EAB          = off
      One-Hot State Machine Encoding      = off
      Optimize                            = 5

Default Timing Specifications: None

Cut All Bidir Feedback Timing Paths       = on
Cut All Clear & Preset Timing Paths       = on

Ignore Timing Assignments                 = on

Functional SNF Extractor                  = off

Linked SNF Extractor                      = off
Timing SNF Extractor                      = on
Optimize Timing SNF                       = off
Generate AHDL TDO File                    = off
Fitter Settings                           = NORMAL
Smart Recompile                           = off
Total Recompile                           = off

Interfaces Menu Commands
------------------------

EDIF Netlist Writer                       = off
Verilog Netlist Writer                    = off
VHDL Netlist Writer                       = off
ADT PALACE Compilation                    = off

Compilation Times
-----------------

   Compiler Netlist Extractor             00:00:00
   Database Builder                       00:00:00
   Logic Synthesizer                      00:00:00
   Partitioner                            00:00:00
   Fitter                                 00:00:01
   Timing SNF Extractor                   00:00:00
   Assembler                              00:00:00
   --------------------------             --------
   Total Time                             00:00:01


Memory Allocated
-----------------

Peak memory allocated during compilation  = 4,279K
