Release 4.1i - xst E.30
Copyright (c) 1995-2001 Xilinx, Inc.  All rights reserved.
--> Parameter TMPDIR set to .
CPU : 0.00 / 0.03 s | Elapsed : 0.00 / 0.00 s
 
--> Parameter overwrite set to YES
CPU : 0.00 / 0.03 s | Elapsed : 0.00 / 0.00 s
 
--> Parameter xsthdpdir set to ./xst
CPU : 0.00 / 0.03 s | Elapsed : 0.00 / 0.00 s
 
--> =========================================================================
---- Source Parameters
Input Format                       : VHDL
Input File Name                    : ctrlunit.prj

---- Target Parameters
Target Device                      : xcv50-pq240-6
Output File Name                   : ctrlunit
Output Format                      : NGC
Target Technology                  : virtex

---- Source Options
Entity Name                        : ctrlunit
Automatic FSM Extraction           : YES
FSM Encoding Algorithm             : Auto
FSM Flip-Flop Type                 : D
Mux Extraction                     : YES
Resource Sharing                   : YES
Complex Clock Enable Extraction    : YES
ROM Extraction                     : Yes
RAM Extraction                     : Yes
RAM Style                          : Auto
Mux Style                          : Auto
Decoder Extraction                 : YES
Priority Encoder Extraction        : YES
Shift Register Extraction          : YES
Logical Shifter Extraction         : YES
XOR Collapsing                     : YES
Automatic Register Balancing       : No

---- Target Options
Add IO Buffers                     : YES
Equivalent register Removal        : YES
Add Generic Clock Buffer(BUFG)     : 4
Global Maximum Fanout              : 100
Register Duplication               : YES
Move First FlipFlop Stage          : YES
Move Last FlipFlop Stage           : YES
Slice Packing                      : YES
Pack IO Registers into IOBs        : auto
Speed Grade                        : 6

---- General Options
Optimization Criterion             : Speed
Optimization Effort                : 1
Check Attribute Syntax             : YES
Keep Hierarchy                     : No
Global Optimization                : AllClockNets
Write Timing Constraints           : No
Incremental Synthesis              : NO

=========================================================================

Compiling vhdl file E:/proj3/project3test2/ctrlunit.vhd in Library work.
Architecture Behavioral of Entity Ctrlunit is up to date.

Analyzing Entity <ctrlunit> (Architecture <Behavioral>).
