Project Information       c:\documents and settings\s4g09\desktop\lab5\spm.rpt

MAX+plus II Compiler Report File
Version 10.23 07/09/2003
Compiled: 11/10/2003 20:30:28

Copyright (C) 1988-2003 Altera Corporation
Any megafunction design, and related net list (encrypted or decrypted),
support information, device programming or simulation file, and any other
associated documentation or information provided by Altera or a partner
under Altera's Megafunction Partnership Program may be used only to
program PLD devices (but not masked PLD devices) from Altera.  Any other
use of such megafunction design, net list, support information, device
programming or simulation file, or any other related documentation or
information is prohibited for any other purpose, including, but not
limited to modification, reverse engineering, de-compiling, or use with
any other silicon devices, unless such use is explicitly licensed under
a separate agreement with Altera or a megafunction partner.  Title to
the intellectual property, including patents, copyrights, trademarks,
trade secrets, or maskworks, embodied in any such megafunction design,
net list, support information, device programming or simulation file, or
any other related documentation or information provided by Altera or a
megafunction partner, remains with Altera, the megafunction partner, or
their respective licensors.  No other licenses, including any licenses
needed under any third party's intellectual property, are provided herein.



***** Project compilation was successful




** DEVICE SUMMARY **

Chip/                     Input   Output   Bidir         Shareable
POF       Device          Pins    Pins     Pins     LCs  Expanders  % Utilized

spm       EPM7128SLC84-7   10       9        0      35      14          27 %

User Pins:                 10       9        0  



Project Information       c:\documents and settings\s4g09\desktop\lab5\spm.rpt

** PROJECT COMPILATION MESSAGES **

Warning: GLOBAL primitive on node 'RUN' feeds logic -- non-global signal usage may result


Project Information       c:\documents and settings\s4g09\desktop\lab5\spm.rpt

** AUTO GLOBAL SIGNALS **



INFO: Signal 'CLK' chosen for auto global Clock
INFO: Signal 'RUN' chosen for auto global Clear


Project Information       c:\documents and settings\s4g09\desktop\lab5\spm.rpt

** PIN/LOCATION/CHIP ASSIGNMENTS **

                  Actual                  
    User       Assignments                
Assignments   (if different)     Node Name

spm@2                             CLK


Project Information       c:\documents and settings\s4g09\desktop\lab5\spm.rpt

** STATE MACHINE ASSIGNMENTS **


|spmcon:44|SM: MACHINE
        OF BITS (
           |spmcon:44|Q3,
           |spmcon:44|Q2,
           |spmcon:44|Q1,
           |spmcon:44|Q0
        )
        WITH STATES (
                              V0 = B"0000", 
                              V1 = B"0001", 
                              V2 = B"0010", 
                              V3 = B"0011", 
                              V4 = B"0100", 
                              V5 = B"0101", 
                              V6 = B"0110", 
                              V7 = B"0111", 
                              V8 = B"1000", 
                              V9 = B"1001"
);



Project Information       c:\documents and settings\s4g09\desktop\lab5\spm.rpt

** FILE HIERARCHY **



|74194:6|
|74194:11|
|74194:1|
|74157:3|
|7483:4|
|21mux:24|
|spmcon:44|


Device-Specific Information:c:\documents and settings\s4g09\desktop\lab5\spm.rpt
spm

***** Logic for device 'spm' compiled without errors.




Device: EPM7128SLC84-7

Device Options:
    Turbo Bit                                    = ON
    Security Bit                                 = OFF
    Enable JTAG Support                        = ON
    User Code                                  = ffff
    MultiVolt I/O                              = OFF

                                                        R  R        R  R  R  
                                                        E  E        E  E  E  
                                      V                 S  S        S  S  S  
                                      C                 E  E     V  E  E  E  
              B  B  B  A     A  A  A  C                 R  R  D  C  R  R  R  
              I  I  I  I  G  I  I  I  I  C  R  G  G  G  V  V  O  C  V  V  V  
              N  N  N  N  N  N  N  N  N  L  U  N  N  N  E  E  N  I  E  E  E  
              0  3  2  0  D  1  2  3  T  K  N  D  D  D  D  D  E  O  D  D  D  
            -----------------------------------------------------------------_ 
          /  11 10  9  8  7  6  5  4  3  2  1 84 83 82 81 80 79 78 77 76 75   | 
    BIN1 | 12                                                              74 | RESERVED 
   VCCIO | 13                                                              73 | RESERVED 
    #TDI | 14                                                              72 | GND 
RESERVED | 15                                                              71 | #TDO 
RESERVED | 16                                                              70 | A0 
RESERVED | 17                                                              69 | P2 
RESERVED | 18                                                              68 | P3 
     GND | 19                                                              67 | P1 
RESERVED | 20                                                              66 | VCCIO 
RESERVED | 21                                                              65 | P0 
RESERVED | 22                        EPM7128SLC84-7                        64 | RESERVED 
    #TMS | 23                                                              63 | RESERVED 
RESERVED | 24                                                              62 | #TCK 
RESERVED | 25                                                              61 | RESERVED 
   VCCIO | 26                                                              60 | RESERVED 
RESERVED | 27                                                              59 | GND 
RESERVED | 28                                                              58 | A3 
RESERVED | 29                                                              57 | RESERVED 
RESERVED | 30                                                              56 | A1 
RESERVED | 31                                                              55 | RESERVED 
     GND | 32                                                              54 | A2 
         |_  33 34 35 36 37 38 39 40 41 42 43 44 45 46 47 48 49 50 51 52 53  _| 
           ------------------------------------------------------------------ 
              R  R  R  R  R  V  R  R  R  G  V  R  R  R  G  R  R  R  R  R  V  
              E  E  E  E  E  C  E  E  E  N  C  E  E  E  N  E  E  E  E  E  C  
              S  S  S  S  S  C  S  S  S  D  C  S  S  S  D  S  S  S  S  S  C  
              E  E  E  E  E  I  E  E  E     I  E  E  E     E  E  E  E  E  I  
              R  R  R  R  R  O  R  R  R     N  R  R  R     R  R  R  R  R  O  
              V  V  V  V  V     V  V  V     T  V  V  V     V  V  V  V  V     
              E  E  E  E  E     E  E  E        E  E  E     E  E  E  E  E     
              D  D  D  D  D     D  D  D        D  D  D     D  D  D  D  D     


N.C. = No Connect. This pin has no internal connection to the device.
VCCINT = Dedicated power pin, which MUST be connected to VCC (5.0 volts).
VCCIO = Dedicated power pin, which MUST be connected to VCC (5.0 volts).
GND = Dedicated ground pin or unused dedicated input, which MUST be connected to GND.
RESERVED = Unused I/O pin, which MUST be left unconnected.

^ = Dedicated configuration pin.
+ = Reserved configuration pin, which is tri-stated during user mode.
* = Reserved configuration pin, which drives out in user mode.
PDn = Power Down pin. 
@ = Special-purpose pin. 
# = JTAG Boundary-Scan Testing/In-System Programming or Configuration Pin. The JTAG inputs TMS and TDI should be tied to VCC and TCK should be tied to GND when not in use.
& = JTAG pin used for I/O. When used as user I/O, JTAG pins must be kept stable before and during configuration.  JTAG pin stability prevents accidental loading of JTAG instructions.


Device-Specific Information:c:\documents and settings\s4g09\desktop\lab5\spm.rpt
spm

** RESOURCE USAGE **

                                                Shareable     External
Logic Array Block     Logic Cells   I/O Pins    Expanders   Interconnect

A:     LC1 - LC16     0/16(  0%)   8/ 8(100%)   0/16(  0%)   0/36(  0%) 
B:    LC17 - LC32     0/16(  0%)   1/ 8( 12%)   0/16(  0%)   0/36(  0%) 
C:    LC33 - LC48     0/16(  0%)   1/ 8( 12%)   0/16(  0%)   0/36(  0%) 
D:    LC49 - LC64     0/16(  0%)   0/ 8(  0%)   0/16(  0%)   0/36(  0%) 
E:    LC65 - LC80     0/16(  0%)   0/ 8(  0%)   0/16(  0%)   0/36(  0%) 
F:    LC81 - LC96     3/16( 18%)   4/ 8( 50%)   3/16( 18%)  11/36( 30%) 
G:   LC97 - LC112    16/16(100%)   6/ 8( 75%)  16/16(100%)  27/36( 75%) 
H:  LC113 - LC128    16/16(100%)   1/ 8( 12%)  16/16(100%)  23/36( 63%) 


Total dedicated input pins used:                 2/4      ( 50%)
Total I/O pins used:                            21/64     ( 32%)
Total logic cells used:                         35/128    ( 27%)
Total shareable expanders used:                 14/128    ( 10%)
Total Turbo logic cells used:                   35/128    ( 27%)
Total shareable expanders not available (n/a):  21/128    ( 16%)
Average fan-in:                                  8.74
Total fan-in:                                   306

Total input pins required:                      10
Total fast input logic cells required:           0
Total output pins required:                      9
Total bidirectional pins required:               0
Total reserved pins required                     4
Total logic cells required:                     35
Total flipflops required:                       17
Total product terms required:                  151
Total logic cells lending parallel expanders:    0
Total shareable expanders in database:          13

Synthesized logic cells:                        17/ 128   ( 13%)



Device-Specific Information:c:\documents and settings\s4g09\desktop\lab5\spm.rpt
spm

** INPUTS **

                                         Shareable
                                         Expanders     Fan-In    Fan-Out
 Pin     LC  LAB  Primitive    Code   Total Shared n/a INP  FBK  OUT  FBK  Name
   8   (11)  (A)      INPUT               0      0   0    0    0    1    0  AIN0
   6   (13)  (A)      INPUT               0      0   0    0    0    1    0  AIN1
   5   (14)  (A)      INPUT               0      0   0    0    0    1    0  AIN2
   4   (16)  (A)      INPUT               0      0   0    0    0    1    0  AIN3
  11    (5)  (A)      INPUT               0      0   0    0    0    0    1  BIN0
  12    (3)  (A)      INPUT               0      0   0    0    0    0    1  BIN1
   9    (8)  (A)      INPUT               0      0   0    0    0    0    1  BIN2
  10    (6)  (A)      INPUT               0      0   0    0    0    0    1  BIN3
   2      -   -       INPUT  G            0      0   0    0    0    0    0  CLK
   1      -   -       INPUT  G            0      0   0    0    0    0    4  RUN


Code:

s = Synthesized pin or logic cell
t = Turbo logic cell
+ = Synchronous flipflop
/ = Slow slew-rate output
! = NOT gate push-back
r = Fitter-inserted logic cell
G = Global Source. Fan-out destinations counted here do not include destinations
that are driven using global routing resources. Refer to the Auto Global Signals,
Clock Signals, Clear Signals, Synchronous Load Signals, and Synchronous Clear Signals
Sections of this Report File for information on which signals' fan-outs are used as
Clock, Clear, Preset, Output Enable, and synchronous Load signals.


Device-Specific Information:c:\documents and settings\s4g09\desktop\lab5\spm.rpt
spm

** OUTPUTS **

                                         Shareable
                                         Expanders     Fan-In    Fan-Out
 Pin     LC  LAB  Primitive    Code   Total Shared n/a INP  FBK  OUT  FBK  Name
  70    109    G         FF   +  t        1      0   1    1    6    4   10  A0 (|74194:6|:38)
  56     86    F         FF   +  t        1      0   1    1    6    2    0  A1 (|74194:6|:39)
  54     83    F         FF   +  t        1      0   1    1    6    2    0  A2 (|74194:6|:40)
  58     91    F         FF   +  t        1      0   1    1    6    2    0  A3 (|74194:6|:41)
  79    125    H     OUTPUT      t        0      0   0    0    4    0    0  DONE
  65    101    G         FF   +  t        3      1   1    0    9    3   15  P0 (|74194:1|:38)
  67    104    G         FF   +  t        2      0   0    0    9    2   15  P1 (|74194:1|:39)
  69    107    G         FF   +  t        6      1   0    0   16    1   15  P2 (|74194:1|:40)
  68    105    G         FF   +  t        0      0   0    0    8    2   10  P3 (|74194:1|:41)


Code:

s = Synthesized pin or logic cell
t = Turbo logic cell
+ = Synchronous flipflop
/ = Slow slew-rate output
! = NOT gate push-back
r = Fitter-inserted logic cell


Device-Specific Information:c:\documents and settings\s4g09\desktop\lab5\spm.rpt
spm

** BURIED LOGIC **

                                         Shareable
                                         Expanders     Fan-In    Fan-Out
 Pin     LC  LAB  Primitive    Code   Total Shared n/a INP  FBK  OUT  FBK  Name
   -    102    G       DFFE   +  t        0      0   0    1    4    9   24  |spmcon:44|Q0
   -    110    G       TFFE   +  t        0      0   0    1    2    9   18  |spmcon:44|Q1
   -    103    G       TFFE   +  t        0      0   0    1    3    9   17  |spmcon:44|Q2
   -    108    G       TFFE   +  t        0      0   0    1    4    9   18  |spmcon:44|Q3
   -    124    H       SOFT    s t        0      0   0    0    4    1    0  |spmcon:44|~128~1
 (64)    99    G       SOFT    s t        1      0   1    0    9    1    0  |spmcon:44|~128~2
 (81)   128    H       DFFE   +  t        4      0   1    0   10    0    1  :5
   -     98    G       SOFT    s t        1      0   1    0    8    1    0  |74194:1|~34~1
 (63)    97    G       SOFT    s t        1      0   1    0    8    1    0  |74194:1|~35~1
   -    127    H       SOFT    s t        1      0   1    0   11    1    0  |74194:1|~36~1
 (80)   126    H       SOFT    s t        1      0   1    0   11    1    0  |74194:1|~36~2
   -    106    G       SOFT    s t        1      0   1    0   10    1    0  |74194:1|~36~3
   -    100    G       SOFT    s t        1      0   1    0   11    1    0  |74194:1|~36~4
 (71)   112    G       SOFT    s t        0      0   0    0    5    1    0  |74194:1|~62~1
   -    116    H       SOFT    s t        3      1   1    0   20    1    0  |74194:1|~63~1
 (73)   115    H       SOFT    s t        1      0   1    0   10    0    1  |74194:1|~63~2
   -    114    H       SOFT    s t        1      0   1    0   10    0    1  |74194:1|~63~3
 (74)   117    H       SOFT    s t        1      0   1    0   10    0    1  |74194:1|~63~4
 (75)   118    H       SOFT    s t        1      0   1    0   10    0    1  |74194:1|~63~5
   -    119    H       SOFT    s t        1      0   1    0    8    0    1  |74194:1|~63~6
 (76)   120    H       SOFT    s t        1      0   1    0    8    0    1  |74194:1|~63~7
   -    121    H       SOFT    s t        1      0   1    0    8    0    1  |74194:1|~63~8
 (77)   123    H       TFFE   +  t        0      0   0    1    5    0   10  |74194:11|QD (|74194:11|:38)
   -    113    H       TFFE   +  t        0      0   0    1    5    1   14  |74194:11|QC (|74194:11|:39)
   -    122    H       TFFE   +  t        0      0   0    1    5    2   15  |74194:11|QB (|74194:11|:40)
   -    111    G       TFFE   +  t        0      0   0    1    5    3   15  |74194:11|QA (|74194:11|:41)


Code:

s = Synthesized pin or logic cell
t = Turbo logic cell
+ = Synchronous flipflop
/ = Slow slew-rate output
! = NOT gate push-back
r = Fitter-inserted logic cell


Device-Specific Information:c:\documents and settings\s4g09\desktop\lab5\spm.rpt
spm

** LOGIC CELL INTERCONNECTIONS **

Logic Array Block 'F':

               Logic cells placed in LAB 'F'
        +----- LC86 A1
        | +--- LC83 A2
        | | +- LC91 A3
        | | | 
        | | |   Other LABs fed by signals
        | | |   that feed LAB 'F'
LC      | | | | A B C D E F G H |     Logic cells that feed LAB 'F':
LC86 -> * - - | - - - - - * * - | <-- A1
LC83 -> * * - | - - - - - * - - | <-- A2
LC91 -> - * * | - - - - - * - - | <-- A3

Pin
6    -> * - - | - - - - - * - - | <-- AIN1
5    -> - * - | - - - - - * - - | <-- AIN2
4    -> - - * | - - - - - * - - | <-- AIN3
2    -> - - - | - - - - - - - - | <-- CLK
1    -> - - - | - - - - - - * - | <-- RUN
LC101-> - - * | - - - - - * * * | <-- P0
LC102-> * * * | - - - - - * * * | <-- |spmcon:44|Q0
LC110-> * * * | - - - - - * * * | <-- |spmcon:44|Q1
LC103-> * * * | - - - - - * * * | <-- |spmcon:44|Q2
LC108-> * * * | - - - - - * * * | <-- |spmcon:44|Q3


* = The logic cell or pin is an input to the logic cell (or LAB) through the PIA.
- = The logic cell or pin is not an input to the logic cell (or LAB).


Device-Specific Information:c:\documents and settings\s4g09\desktop\lab5\spm.rpt
spm

** LOGIC CELL INTERCONNECTIONS **

Logic Array Block 'G':

                                         Logic cells placed in LAB 'G'
        +------------------------------- LC109 A0
        | +----------------------------- LC101 P0
        | | +--------------------------- LC104 P1
        | | | +------------------------- LC107 P2
        | | | | +----------------------- LC105 P3
        | | | | | +--------------------- LC102 |spmcon:44|Q0
        | | | | | | +------------------- LC110 |spmcon:44|Q1
        | | | | | | | +----------------- LC103 |spmcon:44|Q2
        | | | | | | | | +--------------- LC108 |spmcon:44|Q3
        | | | | | | | | | +------------- LC99 |spmcon:44|~128~2
        | | | | | | | | | | +----------- LC98 |74194:1|~34~1
        | | | | | | | | | | | +--------- LC97 |74194:1|~35~1
        | | | | | | | | | | | | +------- LC106 |74194:1|~36~3
        | | | | | | | | | | | | | +----- LC100 |74194:1|~36~4
        | | | | | | | | | | | | | | +--- LC112 |74194:1|~62~1
        | | | | | | | | | | | | | | | +- LC111 |74194:11|QA
        | | | | | | | | | | | | | | | | 
        | | | | | | | | | | | | | | | |   Other LABs fed by signals
        | | | | | | | | | | | | | | | |   that feed LAB 'G'
LC      | | | | | | | | | | | | | | | | | A B C D E F G H |     Logic cells that feed LAB 'G':
LC109-> * * * * - - - - - - * - - - - - | - - - - - - * * | <-- A0
LC101-> - * - * - - - - - * * * * * - - | - - - - - * * * | <-- P0
LC104-> - * * * - - - - - * * * * * - - | - - - - - - * * | <-- P1
LC107-> - - - * - - - - - * - * * * - - | - - - - - - * * | <-- P2
LC105-> - - - * * - - - - - - - - * - - | - - - - - - * * | <-- P3
LC102-> * * * * * * * * * * * * * * * * | - - - - - * * * | <-- |spmcon:44|Q0
LC110-> * * * * * * * * * * * * * * * * | - - - - - * * * | <-- |spmcon:44|Q1
LC103-> * * * * * * - * * * * * * * * * | - - - - - * * * | <-- |spmcon:44|Q2
LC108-> * * * * * * * * * * * * * * * * | - - - - - * * * | <-- |spmcon:44|Q3
LC99 -> - - * - - - - - - - - - - - - - | - - - - - - * - | <-- |spmcon:44|~128~2
LC98 -> - * - - - - - - - - - - - - - - | - - - - - - * - | <-- |74194:1|~34~1
LC97 -> - - * - - - - - - - - - - - - - | - - - - - - * - | <-- |74194:1|~35~1
LC106-> - - - * - - - - - - - - - - - - | - - - - - - * - | <-- |74194:1|~36~3
LC100-> - - - * - - - - - - - - - - - - | - - - - - - * - | <-- |74194:1|~36~4
LC112-> - - - - * - - - - - - - - - - - | - - - - - - * - | <-- |74194:1|~62~1
LC111-> - * * * - - - - - * * - * * - * | - - - - - - * * | <-- |74194:11|QA

Pin
8    -> * - - - - - - - - - - - - - - - | - - - - - - * - | <-- AIN0
11   -> - - - - - - - - - - - - - - - * | - - - - - - * - | <-- BIN0
2    -> - - - - - - - - - - - - - - - - | - - - - - - - - | <-- CLK
1    -> - - - - - * * * * - - - - - - - | - - - - - - * - | <-- RUN
LC86 -> * - - - - - - - - - - - - - - - | - - - - - * * - | <-- A1
LC124-> - - - - * - - - - - - - - - - - | - - - - - - * - | <-- |spmcon:44|~128~1
LC128-> - - - - - - - - - - - - - - * - | - - - - - - * - | <-- :5
LC127-> - - - * - - - - - - - - - - - - | - - - - - - * - | <-- |74194:1|~36~1
LC126-> - - - * - - - - - - - - - - - - | - - - - - - * - | <-- |74194:1|~36~2
LC116-> - - - - * - - - - - - - - - - - | - - - - - - * - | <-- |74194:1|~63~1
LC113-> - - - * - - - - - - - - * * - - | - - - - - - * * | <-- |74194:11|QC
LC122-> - - * * - - - - - * - * * * - - | - - - - - - * * | <-- |74194:11|QB


* = The logic cell or pin is an input to the logic cell (or LAB) through the PIA.
- = The logic cell or pin is not an input to the logic cell (or LAB).


Device-Specific Information:c:\documents and settings\s4g09\desktop\lab5\spm.rpt
spm

** LOGIC CELL INTERCONNECTIONS **

Logic Array Block 'H':

                                         Logic cells placed in LAB 'H'
        +------------------------------- LC125 DONE
        | +----------------------------- LC124 |spmcon:44|~128~1
        | | +--------------------------- LC128 :5
        | | | +------------------------- LC127 |74194:1|~36~1
        | | | | +----------------------- LC126 |74194:1|~36~2
        | | | | | +--------------------- LC116 |74194:1|~63~1
        | | | | | | +------------------- LC115 |74194:1|~63~2
        | | | | | | | +----------------- LC114 |74194:1|~63~3
        | | | | | | | | +--------------- LC117 |74194:1|~63~4
        | | | | | | | | | +------------- LC118 |74194:1|~63~5
        | | | | | | | | | | +----------- LC119 |74194:1|~63~6
        | | | | | | | | | | | +--------- LC120 |74194:1|~63~7
        | | | | | | | | | | | | +------- LC121 |74194:1|~63~8
        | | | | | | | | | | | | | +----- LC123 |74194:11|QD
        | | | | | | | | | | | | | | +--- LC113 |74194:11|QC
        | | | | | | | | | | | | | | | +- LC122 |74194:11|QB
        | | | | | | | | | | | | | | | | 
        | | | | | | | | | | | | | | | |   Other LABs fed by signals
        | | | | | | | | | | | | | | | |   that feed LAB 'H'
LC      | | | | | | | | | | | | | | | | | A B C D E F G H |     Logic cells that feed LAB 'H':
LC115-> - - - - - * - - - - - - - - - - | - - - - - - - * | <-- |74194:1|~63~2
LC114-> - - - - - * - - - - - - - - - - | - - - - - - - * | <-- |74194:1|~63~3
LC117-> - - - - - * - - - - - - - - - - | - - - - - - - * | <-- |74194:1|~63~4
LC118-> - - - - - * - - - - - - - - - - | - - - - - - - * | <-- |74194:1|~63~5
LC119-> - - - - - * - - - - - - - - - - | - - - - - - - * | <-- |74194:1|~63~6
LC120-> - - - - - * - - - - - - - - - - | - - - - - - - * | <-- |74194:1|~63~7
LC121-> - - - - - * - - - - - - - - - - | - - - - - - - * | <-- |74194:1|~63~8
LC123-> - - * - - * * * * * * * * * - - | - - - - - - - * | <-- |74194:11|QD
LC113-> - - * * * * * * * * * * * - * - | - - - - - - * * | <-- |74194:11|QC
LC122-> - - * * * * * * * * * * - - - * | - - - - - - * * | <-- |74194:11|QB

Pin
12   -> - - - - - - - - - - - - - - - * | - - - - - - - * | <-- BIN1
9    -> - - - - - - - - - - - - - - * - | - - - - - - - * | <-- BIN2
10   -> - - - - - - - - - - - - - * - - | - - - - - - - * | <-- BIN3
2    -> - - - - - - - - - - - - - - - - | - - - - - - - - | <-- CLK
1    -> - - - - - - - - - - - - - - - - | - - - - - - * - | <-- RUN
LC109-> - - * * * * * * * * - - * - - - | - - - - - - * * | <-- A0
LC101-> - - * * * * * * * * * * - - - - | - - - - - * * * | <-- P0
LC104-> - - * * * * * * * * * * - - - - | - - - - - - * * | <-- P1
LC107-> - - * * * * * * * * * * * - - - | - - - - - - * * | <-- P2
LC105-> - - * - - * * * * * * * * - - - | - - - - - - * * | <-- P3
LC102-> * * * * * * * * * * - - * * * * | - - - - - * * * | <-- |spmcon:44|Q0
LC110-> * * - * * * - - - - - - * * * * | - - - - - * * * | <-- |spmcon:44|Q1
LC103-> * * - * * * - - - - - - * * * * | - - - - - * * * | <-- |spmcon:44|Q2
LC108-> * * - * * * - - - - - - - * * * | - - - - - * * * | <-- |spmcon:44|Q3
LC111-> - - * * * * * * * * * * - - - - | - - - - - - * * | <-- |74194:11|QA


* = The logic cell or pin is an input to the logic cell (or LAB) through the PIA.
- = The logic cell or pin is not an input to the logic cell (or LAB).


Device-Specific Information:c:\documents and settings\s4g09\desktop\lab5\spm.rpt
spm

** EQUATIONS **

AIN0     : INPUT;
AIN1     : INPUT;
AIN2     : INPUT;
AIN3     : INPUT;
BIN0     : INPUT;
BIN1     : INPUT;
BIN2     : INPUT;
BIN3     : INPUT;
CLK      : INPUT;
RUN      : INPUT;

-- Node name is 'A0' = '|74194:6|QD' 
-- Equation name is 'A0', type is output 
 A0      = DFFE( _EQ001 $  A1, GLOBAL( CLK),  VCC,  VCC,  VCC);
  _EQ001 =  AIN0 & !A1 & !_LC102 & !_LC103 & !_LC108 & !_LC110
         # !AIN0 &  A1 & !_LC102 & !_LC103 & !_LC108 & !_LC110
         #  A0 & !A1 &  _LC102
         # !A0 &  A1 &  _LC102;

-- Node name is 'A1' = '|74194:6|QC' 
-- Equation name is 'A1', type is output 
 A1      = DFFE( _EQ002 $  A2, GLOBAL( CLK),  VCC,  VCC,  VCC);
  _EQ002 =  AIN1 & !A2 & !_LC102 & !_LC103 & !_LC108 & !_LC110
         # !AIN1 &  A2 & !_LC102 & !_LC103 & !_LC108 & !_LC110
         #  A1 & !A2 &  _LC102
         # !A1 &  A2 &  _LC102;

-- Node name is 'A2' = '|74194:6|QB' 
-- Equation name is 'A2', type is output 
 A2      = DFFE( _EQ003 $  A3, GLOBAL( CLK),  VCC,  VCC,  VCC);
  _EQ003 =  AIN2 & !A3 & !_LC102 & !_LC103 & !_LC108 & !_LC110
         # !AIN2 &  A3 & !_LC102 & !_LC103 & !_LC108 & !_LC110
         #  A2 & !A3 &  _LC102
         # !A2 &  A3 &  _LC102;

-- Node name is 'A3' = '|74194:6|QA' 
-- Equation name is 'A3', type is output 
 A3      = DFFE( _EQ004 $  P0, GLOBAL( CLK),  VCC,  VCC,  VCC);
  _EQ004 =  AIN3 & !_LC102 & !_LC103 & !_LC108 & !_LC110 & !P0
         # !AIN3 & !_LC102 & !_LC103 & !_LC108 & !_LC110 &  P0
         #  A3 &  _LC102 & !P0
         # !A3 &  _LC102 &  P0;

-- Node name is 'DONE' 
-- Equation name is 'DONE', location is LC125, type is output.
 DONE    = LCELL( _EQ005 $  GND);
  _EQ005 =  _LC102 & !_LC103 &  _LC108 & !_LC110;

-- Node name is 'P0' = '|74194:1|QD' 
-- Equation name is 'P0', type is output 
 P0      = DFFE( _EQ006 $ !_LC098, GLOBAL( CLK), !_EQ007,  VCC,  VCC);
  _EQ006 =  A0 &  _LC102 &  _LC111 &  P0 &  _X001
         # !_LC102 & !_LC103 & !_LC108 & !_LC110 & !P0
         # !_LC102 & !P1 &  _X002;
  _X001  = EXP(!_LC103 &  _LC108 & !_LC110);
  _X002  = EXP(!_LC103 & !_LC110);
  _EQ007 = !_LC102 & !_LC103 & !_LC108 & !_LC110;

-- Node name is 'P1' = '|74194:1|QC' 
-- Equation name is 'P1', type is output 
 P1      = TFFE( _EQ008, GLOBAL( CLK), !_EQ009,  VCC,  VCC);
  _EQ008 = !_LC097 & !_LC099 &  _X003 &  _X004;
  _X003  = EXP( _LC102 & !_LC111 & !_LC122);
  _X004  = EXP(!A0 &  _LC102);
  _EQ009 = !_LC102 & !_LC103 & !_LC108 & !_LC110;

-- Node name is 'P2' = '|74194:1|QB' 
-- Equation name is 'P2', type is output 
 P2      = DFFE( _EQ010 $  _EQ011, GLOBAL( CLK), !_EQ012,  VCC,  VCC);
  _EQ010 =  A0 &  _LC102 &  _LC113 & !_LC122 &  P2 &  _X001 &  _X005
         #  A0 &  _LC102 &  _LC113 & !P1 &  P2 &  _X001 &  _X006;
  _X001  = EXP(!_LC103 &  _LC108 & !_LC110);
  _X005  = EXP( _LC111 &  P0 &  P1);
  _X006  = EXP( _LC111 &  P0);
  _EQ011 = !_LC100 & !_LC106 & !_LC126 & !_LC127 &  _X007 &  _X008 &  _X009;
  _X007  = EXP(!A0 &  _LC102 & !P2);
  _X008  = EXP(!_LC102 &  _LC110 & !P3);
  _X009  = EXP(!_LC102 &  _LC103 & !P3);
  _EQ012 = !_LC102 & !_LC103 & !_LC108 & !_LC110;

-- Node name is 'P3' = '|74194:1|QA' 
-- Equation name is 'P3', type is output 
 P3      = DFFE( _EQ013 $  _EQ014, GLOBAL( CLK), !_EQ015,  VCC,  VCC);
  _EQ013 =  _LC116
         #  _LC112;
  _EQ014 =  _LC102 & !_LC103 &  _LC108 & !_LC110 & !_LC124 &  P3;
  _EQ015 = !_LC102 & !_LC103 & !_LC108 & !_LC110;

-- Node name is '|spmcon:44|Q0' from file "spmcon.tdf" line 7, column 23
-- Equation name is '_LC102', type is buried 
_LC102   = DFFE( _EQ016 $  VCC, GLOBAL(!CLK), GLOBAL( RUN),  VCC,  VCC);
  _EQ016 = !_LC103 &  _LC108 & !_LC110 & !RUN
         #  _LC102 & !_LC108 &  RUN
         # !_LC102 & !_LC108 & !RUN;

-- Node name is '|spmcon:44|Q1' from file "spmcon.tdf" line 7, column 23
-- Equation name is '_LC110', type is buried 
_LC110   = TFFE( _EQ017, GLOBAL(!CLK), GLOBAL( RUN),  VCC,  VCC);
  _EQ017 =  _LC102 & !_LC108 &  RUN;

-- Node name is '|spmcon:44|Q2' from file "spmcon.tdf" line 7, column 23
-- Equation name is '_LC103', type is buried 
_LC103   = TFFE( _EQ018, GLOBAL(!CLK), GLOBAL( RUN),  VCC,  VCC);
  _EQ018 =  _LC102 & !_LC108 &  _LC110 &  RUN;

-- Node name is '|spmcon:44|Q3' from file "spmcon.tdf" line 7, column 23
-- Equation name is '_LC108', type is buried 
_LC108   = TFFE( _EQ019, GLOBAL(!CLK), GLOBAL( RUN),  VCC,  VCC);
  _EQ019 =  _LC102 &  _LC103 & !_LC108 &  _LC110 &  RUN
         #  _LC102 & !_LC103 &  _LC108 & !_LC110 & !RUN;

-- Node name is '|spmcon:44|~128~1' from file "spmcon.tdf" line 49, column 37
-- Equation name is '_LC124', type is buried 
-- synthesized logic cell 
_LC124   = LCELL( _EQ020 $  _LC102);
  _EQ020 =  _LC102 & !_LC103 &  _LC108 & !_LC110
         # !_LC102 & !_LC103 & !_LC108 & !_LC110;

-- Node name is '|spmcon:44|~128~2' from file "spmcon.tdf" line 49, column 37
-- Equation name is '_LC099', type is buried 
-- synthesized logic cell 
_LC099   = LCELL( _EQ021 $  GND);
  _EQ021 =  _LC102 & !_LC103 &  _LC108 & !_LC110
         # !_LC102 & !_LC103 & !_LC108 & !_LC110
         #  _LC102 &  _LC111 &  _LC122 &  P0
         # !_LC102 &  _LC110 &  P1 &  P2
         # !_LC102 &  _LC103 &  P1 &  P2;

-- Node name is '|74194:1|~34~1' 
-- Equation name is '_LC098', type is buried 
-- synthesized logic cell 
_LC098   = LCELL( _EQ022 $  GND);
  _EQ022 =  _LC102 & !_LC103 &  _LC108 & !_LC110 & !P0
         # !_LC102 & !_LC103 &  _LC108 & !_LC110 & !P1
         # !_LC103 &  _LC108 & !_LC110 & !P0 & !P1
         #  _LC102 & !_LC111 & !P0
         # !A0 &  _LC102 & !P0;

-- Node name is '|74194:1|~35~1' 
-- Equation name is '_LC097', type is buried 
-- synthesized logic cell 
_LC097   = LCELL( _EQ023 $  GND);
  _EQ023 = !_LC102 &  _LC108 &  P1 &  P2
         # !_LC102 &  _LC108 & !P1 & !P2
         # !_LC102 &  _LC103 & !P1 & !P2
         # !_LC102 &  _LC110 & !P1 & !P2
         #  _LC102 & !_LC122 & !P0;

-- Node name is '|74194:1|~36~1' 
-- Equation name is '_LC127', type is buried 
-- synthesized logic cell 
_LC127   = LCELL( _EQ024 $  GND);
  _EQ024 =  A0 &  _LC102 &  _LC110 &  _LC111 & !_LC113 &  _LC122 &  P0 &  P2
         #  A0 &  _LC102 &  _LC103 &  _LC111 & !_LC113 &  _LC122 &  P0 &  P2
         #  A0 &  _LC102 &  _LC110 &  _LC111 & !_LC113 &  P0 &  P1 &  P2
         #  A0 &  _LC102 &  _LC103 &  _LC111 & !_LC113 &  P0 &  P1 &  P2
         #  A0 &  _LC102 & !_LC108 &  _LC111 & !_LC113 &  _LC122 &  P0 &  P2;

-- Node name is '|74194:1|~36~2' 
-- Equation name is '_LC126', type is buried 
-- synthesized logic cell 
_LC126   = LCELL( _EQ025 $  GND);
  _EQ025 =  A0 &  _LC102 & !_LC108 &  _LC111 & !_LC113 &  P0 &  P1 &  P2
         #  A0 &  _LC102 &  _LC110 & !_LC113 &  _LC122 &  P1 &  P2
         #  A0 &  _LC102 &  _LC103 & !_LC113 &  _LC122 &  P1 &  P2
         #  A0 &  _LC102 & !_LC108 & !_LC113 &  _LC122 &  P1 &  P2
         #  _LC102 &  _LC111 &  _LC113 &  P0 &  P1 & !P2;

-- Node name is '|74194:1|~36~3' 
-- Equation name is '_LC106', type is buried 
-- synthesized logic cell 
_LC106   = LCELL( _EQ026 $  GND);
  _EQ026 =  _LC102 &  _LC111 &  _LC113 &  _LC122 &  P0 & !P2
         #  _LC102 &  _LC113 &  _LC122 &  P1 & !P2
         #  _LC102 & !_LC103 &  _LC108 & !_LC110 & !P2
         #  _LC102 & !_LC113 & !_LC122 & !P1 & !P2
         #  _LC102 & !_LC111 & !_LC113 & !_LC122 & !P2;

-- Node name is '|74194:1|~36~4' 
-- Equation name is '_LC100', type is buried 
-- synthesized logic cell 
_LC100   = LCELL( _EQ027 $  GND);
  _EQ027 =  _LC102 & !_LC113 & !_LC122 & !P0 & !P2
         #  _LC102 & !_LC111 & !_LC113 & !P1 & !P2
         #  _LC102 & !_LC113 & !P0 & !P1 & !P2
         # !_LC102 & !_LC103 & !_LC108 & !_LC110 & !P2
         # !_LC102 &  _LC108 & !P3;

-- Node name is '|74194:1|~62~1' 
-- Equation name is '_LC112', type is buried 
-- synthesized logic cell 
_LC112   = LCELL( _EQ028 $  _LC128);
  _EQ028 = !_LC103 & !_LC108 & !_LC110 &  _LC128
         #  _LC102 &  _LC128;

-- Node name is '|74194:1|~63~1' 
-- Equation name is '_LC116', type is buried 
-- synthesized logic cell 
_LC116   = LCELL( _EQ029 $  _EQ030);
  _EQ029 =  A0 &  _LC102 &  _LC111 &  _LC113 & !_LC114 & !_LC115 & !_LC117 & 
             !_LC118 & !_LC119 & !_LC120 & !_LC121 &  _LC122 & !_LC123 &  P0 & 
              P3 &  _X001 &  _X010
         #  A0 &  _LC102 &  _LC111 &  _LC113 & !_LC114 & !_LC115 & !_LC117 & 
             !_LC118 & !_LC119 & !_LC120 & !_LC121 & !_LC123 &  P0 &  P1 & 
              P3 &  _X001 &  _X010
         #  A0 &  _LC102 &  _LC111 & !_LC114 & !_LC115 & !_LC117 & !_LC118 & 
             !_LC119 & !_LC120 & !_LC121 &  _LC122 & !_LC123 &  P0 &  P2 & 
              P3 &  _X001 &  _X010
         #  A0 &  _LC102 &  _LC111 & !_LC114 & !_LC115 & !_LC117 & !_LC118 & 
             !_LC119 & !_LC120 & !_LC121 & !_LC123 &  P0 &  P1 &  P2 &  P3 & 
              _X001 &  _X010;
  _X001  = EXP(!_LC103 &  _LC108 & !_LC110);
  _X010  = EXP(!_LC102 & !P3);
  _EQ030 = !_LC114 & !_LC115 & !_LC117 & !_LC118 & !_LC119 & !_LC120 & 
             !_LC121 &  _X001 &  _X010;
  _X001  = EXP(!_LC103 &  _LC108 & !_LC110);
  _X010  = EXP(!_LC102 & !P3);

-- Node name is '|74194:1|~63~2' 
-- Equation name is '_LC115', type is buried 
-- synthesized logic cell 
_LC115   = LCELL( _EQ031 $  GND);
  _EQ031 =  A0 &  _LC102 &  _LC113 &  _LC122 & !_LC123 &  P1 &  P3
         #  A0 &  _LC102 &  _LC122 & !_LC123 &  P1 &  P2 &  P3
         #  A0 &  _LC102 &  _LC123 & !P0 & !P1 & !P2 &  P3
         #  A0 &  _LC102 & !_LC111 &  _LC123 & !P1 & !P2 &  P3
         #  A0 &  _LC102 & !_LC122 &  _LC123 & !P0 & !P2 &  P3;

-- Node name is '|74194:1|~63~3' 
-- Equation name is '_LC114', type is buried 
-- synthesized logic cell 
_LC114   = LCELL( _EQ032 $  GND);
  _EQ032 =  A0 &  _LC102 & !_LC111 & !_LC122 &  _LC123 & !P2 &  P3
         #  A0 &  _LC102 & !_LC113 &  _LC123 & !P0 & !P1 &  P3
         #  A0 &  _LC102 & !_LC111 & !_LC113 &  _LC123 & !P1 &  P3
         #  A0 &  _LC102 & !_LC113 & !_LC122 &  _LC123 & !P0 &  P3
         #  A0 &  _LC102 & !_LC111 & !_LC113 & !_LC122 &  _LC123 &  P3;

-- Node name is '|74194:1|~63~4' 
-- Equation name is '_LC117', type is buried 
-- synthesized logic cell 
_LC117   = LCELL( _EQ033 $  GND);
  _EQ033 =  A0 &  _LC102 & !_LC122 &  _LC123 & !P1 & !P2 &  P3
         #  A0 &  _LC102 & !_LC113 & !_LC122 &  _LC123 & !P1 &  P3
         #  _LC111 &  _LC113 &  _LC122 &  _LC123 &  P0 & !P3
         #  _LC111 &  _LC113 &  _LC123 &  P0 &  P1 & !P3
         #  _LC111 &  _LC122 &  _LC123 &  P0 &  P2 & !P3;

-- Node name is '|74194:1|~63~5' 
-- Equation name is '_LC118', type is buried 
-- synthesized logic cell 
_LC118   = LCELL( _EQ034 $  GND);
  _EQ034 =  _LC111 &  _LC123 &  P0 &  P1 &  P2 & !P3
         #  A0 &  _LC102 &  _LC113 & !_LC123 &  P2 &  P3
         #  A0 &  _LC102 & !_LC113 &  _LC123 & !P2 &  P3
         #  _LC113 &  _LC122 &  _LC123 &  P1 & !P3
         #  _LC122 &  _LC123 &  P1 &  P2 & !P3;

-- Node name is '|74194:1|~63~6' 
-- Equation name is '_LC119', type is buried 
-- synthesized logic cell 
_LC119   = LCELL( _EQ035 $  GND);
  _EQ035 = !_LC123 & !P0 & !P1 & !P2 & !P3
         # !_LC111 & !_LC123 & !P1 & !P2 & !P3
         # !_LC122 & !_LC123 & !P0 & !P2 & !P3
         # !_LC111 & !_LC122 & !_LC123 & !P2 & !P3
         # !_LC113 & !_LC123 & !P0 & !P1 & !P3;

-- Node name is '|74194:1|~63~7' 
-- Equation name is '_LC120', type is buried 
-- synthesized logic cell 
_LC120   = LCELL( _EQ036 $  GND);
  _EQ036 = !_LC111 & !_LC113 & !_LC123 & !P1 & !P3
         # !_LC113 & !_LC122 & !_LC123 & !P0 & !P3
         # !_LC111 & !_LC113 & !_LC122 & !_LC123 & !P3
         # !_LC122 & !_LC123 & !P1 & !P2 & !P3
         # !_LC113 & !_LC122 & !_LC123 & !P1 & !P3;

-- Node name is '|74194:1|~63~8' 
-- Equation name is '_LC121', type is buried 
-- synthesized logic cell 
_LC121   = LCELL( _EQ037 $  GND);
  _EQ037 =  _LC113 &  _LC123 &  P2 & !P3
         # !_LC113 & !_LC123 & !P2 & !P3
         # !_LC102 &  _LC110
         # !_LC102 &  _LC103
         # !A0 & !P3;

-- Node name is '|74194:11|:41' = '|74194:11|QA' 
-- Equation name is '_LC111', type is buried 
_LC111   = TFFE( _EQ038, GLOBAL( CLK),  VCC,  VCC,  VCC);
  _EQ038 =  BIN0 & !_LC102 & !_LC103 & !_LC108 & !_LC110 & !_LC111
         # !BIN0 & !_LC102 & !_LC103 & !_LC108 & !_LC110 &  _LC111;

-- Node name is '|74194:11|:40' = '|74194:11|QB' 
-- Equation name is '_LC122', type is buried 
_LC122   = TFFE( _EQ039, GLOBAL( CLK),  VCC,  VCC,  VCC);
  _EQ039 =  BIN1 & !_LC102 & !_LC103 & !_LC108 & !_LC110 & !_LC122
         # !BIN1 & !_LC102 & !_LC103 & !_LC108 & !_LC110 &  _LC122;

-- Node name is '|74194:11|:39' = '|74194:11|QC' 
-- Equation name is '_LC113', type is buried 
_LC113   = TFFE( _EQ040, GLOBAL( CLK),  VCC,  VCC,  VCC);
  _EQ040 =  BIN2 & !_LC102 & !_LC103 & !_LC108 & !_LC110 & !_LC113
         # !BIN2 & !_LC102 & !_LC103 & !_LC108 & !_LC110 &  _LC113;

-- Node name is '|74194:11|:38' = '|74194:11|QD' 
-- Equation name is '_LC123', type is buried 
_LC123   = TFFE( _EQ041, GLOBAL( CLK),  VCC,  VCC,  VCC);
  _EQ041 =  BIN3 & !_LC102 & !_LC103 & !_LC108 & !_LC110 & !_LC123
         # !BIN3 & !_LC102 & !_LC103 & !_LC108 & !_LC110 &  _LC123;

-- Node name is ':5' 
-- Equation name is '_LC128', type is buried 
_LC128   = DFFE( _EQ042 $  GND, GLOBAL( CLK),  VCC,  VCC,  VCC);
  _EQ042 =  A0 &  _LC102 &  _LC111 &  _LC123 &  P0 &  _X011 &  _X012
         #  A0 &  _LC102 &  _LC111 &  P0 &  P3 &  _X011 &  _X012
         #  A0 &  _LC102 &  _LC122 &  P1 &  _X011 &  _X013
         #  A0 &  _LC102 &  _LC113 &  P2 &  _X013
         #  A0 &  _LC102 &  _LC123 &  P3;
  _X011  = EXP(!_LC113 & !P2);
  _X012  = EXP(!_LC122 & !P1);
  _X013  = EXP(!_LC123 & !P3);



--     Shareable expanders that are duplicated in multiple LABs:
--    _X001 occurs in LABs G, H




Project Information       c:\documents and settings\s4g09\desktop\lab5\spm.rpt

** COMPILATION SETTINGS & TIMES **

Processing Menu Commands
------------------------

Design Doctor                             = off

Logic Synthesis:

   Synthesis Type Used                    = Standard

   Default Synthesis Style                = NORMAL

      Logic option settings in 'NORMAL' style for 'MAX7000S' family

      DECOMPOSE_GATES                     = on
      DUPLICATE_LOGIC_EXTRACTION          = on
      MINIMIZATION                        = full
      MULTI_LEVEL_FACTORING               = on
      NOT_GATE_PUSH_BACK                  = on
      PARALLEL_EXPANDERS                  = off
      REDUCE_LOGIC                        = on
      REFACTORIZATION                     = on
      REGISTER_OPTIMIZATION               = on
      RESYNTHESIZE_NETWORK                = on
      SLOW_SLEW_RATE                      = off
      SOFT_BUFFER_INSERTION               = on
      SUBFACTOR_EXTRACTION                = on
      TURBO_BIT                           = on
      XOR_SYNTHESIS                       = on
      IGNORE_SOFT_BUFFERS                 = off
      USE_LPM_FOR_AHDL_OPERATORS          = off

   Other logic synthesis settings:

      Automatic Global Clock              = on
      Automatic Global Clear              = on
      Automatic Global Preset             = on
      Automatic Global Output Enable      = on
      Automatic Fast I/O                  = off
      Automatic Register Packing          = off
      Automatic Open-Drain Pins           = on
      Automatic Implement in EAB          = off
      One-Hot State Machine Encoding      = off
      Optimize                            = 5

Default Timing Specifications: None

Cut All Bidir Feedback Timing Paths       = on
Cut All Clear & Preset Timing Paths       = on

Ignore Timing Assignments                 = on

Functional SNF Extractor                  = off

Linked SNF Extractor                      = off
Timing SNF Extractor                      = on
Optimize Timing SNF                       = off
Generate AHDL TDO File                    = off
Fitter Settings                           = NORMAL
Smart Recompile                           = off
Total Recompile                           = off

Interfaces Menu Commands
------------------------

EDIF Netlist Writer                       = off
Verilog Netlist Writer                    = off
VHDL Netlist Writer                       = off
ADT PALACE Compilation                    = off

Compilation Times
-----------------

   Compiler Netlist Extractor             00:00:00
   Database Builder                       00:00:00
   Logic Synthesizer                      00:00:00
   Partitioner                            00:00:00
   Fitter                                 00:00:00
   Timing SNF Extractor                   00:00:00
   Assembler                              00:00:01
   --------------------------             --------
   Total Time                             00:00:01


Memory Allocated
-----------------

Peak memory allocated during compilation  = 4,238K
